<?xml version="1.0" encoding="UTF-8"?>
<!-- Generated by org.testng.reporters.JUnitXMLReporter -->
<testsuite ignored="0" hostname="DESKTOP-HB25A9N" failures="0" tests="5" name="Unit Test" time="0.093" errors="0" timestamp="2024-02-28T21:56:21 MSK">
  <testcase classname="org.rntgroup.CalcUnitTests.SumLongTest" name="unitSumLongTest" time="0.003"/>
  <testcase classname="org.rntgroup.CalcUnitTests.SumLongTest" name="unitSumLongTest" time="0.001"/>
  <testcase classname="org.rntgroup.CalcUnitTests.SumLongTest" name="unitSumLongTest" time="0.0"/>
  <testcase classname="org.rntgroup.CalcUnitTests.SumLongTest" name="unitSumLongTest" time="0.0"/>
  <testcase classname="org.rntgroup.CalcUnitTests.SumLongTest" name="unitSumLongTest" time="0.001"/>
</testsuite> <!-- Unit Test -->
