<?xml version="1.0" encoding="UTF-8"?>
<testng-results ignored="0" total="105" passed="62" failed="43" skipped="0">
  <reporter-output>
  </reporter-output>
  <suite started-at="2024-03-12T13:31:18 MSK" name="Arithmetic Function Suite" finished-at="2024-03-12T13:31:18 MSK" duration-ms="160">
    <groups>
      <group name="MultiplyTest">
        <method signature="MultiplyDoubleTest.unitMultiplyDoubleTest(double,double,double)[pri:0, instance:org.rntgroup.CalcUnitTest.MultiplyDoubleTest@70a9f84e]" name="unitMultiplyDoubleTest" class="org.rntgroup.CalcUnitTest.MultiplyDoubleTest"/>
        <method signature="MultiplyLongTest.unitMultiplyLongTest(long,long,long)[pri:0, instance:org.rntgroup.CalcUnitTest.MultiplyLongTest@130f889]" name="unitMultiplyLongTest" class="org.rntgroup.CalcUnitTest.MultiplyLongTest"/>
      </group> <!-- MultiplyTest -->
      <group name="DivTest">
        <method signature="DivLongTest.unitDivByZeroLongTest()[pri:0, instance:org.rntgroup.CalcUnitTest.DivLongTest@1188e820]" name="unitDivByZeroLongTest" class="org.rntgroup.CalcUnitTest.DivLongTest"/>
        <method signature="DivLongTest.unitDivLongTest(long,long,long)[pri:0, instance:org.rntgroup.CalcUnitTest.DivLongTest@1188e820]" name="unitDivLongTest" class="org.rntgroup.CalcUnitTest.DivLongTest"/>
      </group> <!-- DivTest -->
      <group name="SubTest">
        <method signature="SubDoubleTest.unitSubDoubleTest(double,double,double)[pri:0, instance:org.rntgroup.CalcUnitTest.SubDoubleTest@74294adb]" name="unitSubDoubleTest" class="org.rntgroup.CalcUnitTest.SubDoubleTest"/>
      </group> <!-- SubTest -->
      <group name="SumTest">
        <method signature="SumDoubleTest.unitSumDoubleTest(double,double,double)[pri:0, instance:org.rntgroup.CalcUnitTest.SumDoubleTest@58a90037]" name="unitSumDoubleTest" class="org.rntgroup.CalcUnitTest.SumDoubleTest"/>
        <method signature="SumLongTest.unitSumLongTest(long,long,long)[pri:0, instance:org.rntgroup.CalcUnitTest.SumLongTest@7e9a5fbe]" name="unitSumLongTest" class="org.rntgroup.CalcUnitTest.SumLongTest"/>
      </group> <!-- SumTest -->
    </groups>
    <test started-at="2024-03-12T13:31:18 MSK" name="Arithmetic Function Unit Test" finished-at="2024-03-12T13:31:18 MSK" duration-ms="160">
      <class name="org.rntgroup.CalcUnitTest.MultiplyLongTest">
        <test-method signature="unitMultiplyLongTest(long,long,long)[pri:0, instance:org.rntgroup.CalcUnitTest.MultiplyLongTest@130f889]" started-at="2024-03-12T13:31:18 MSK" name="unitMultiplyLongTest" description="Unit Multiply Long Test" data-provider="valuesForMultiplyLongTest" finished-at="2024-03-12T13:31:18 MSK" duration-ms="0" status="PASS">
          <params>
            <param index="0">
              <value>
                <![CDATA[0]]>
              </value>
            </param>
            <param index="1">
              <value>
                <![CDATA[0]]>
              </value>
            </param>
            <param index="2">
              <value>
                <![CDATA[0]]>
              </value>
            </param>
          </params>
          <reporter-output>
          </reporter-output>
        </test-method> <!-- unitMultiplyLongTest -->
        <test-method is-config="true" signature="SetUp()[pri:0, instance:org.rntgroup.CalcUnitTest.MultiplyLongTest@130f889]" started-at="2024-03-12T13:31:18 MSK" name="SetUp" finished-at="2024-03-12T13:31:18 MSK" duration-ms="0" status="PASS">
          <reporter-output>
          </reporter-output>
        </test-method> <!-- SetUp -->
        <test-method is-config="true" signature="tearDown()[pri:0, instance:org.rntgroup.CalcUnitTest.MultiplyLongTest@130f889]" started-at="2024-03-12T13:31:18 MSK" name="tearDown" finished-at="2024-03-12T13:31:18 MSK" duration-ms="0" status="PASS">
          <reporter-output>
          </reporter-output>
        </test-method> <!-- tearDown -->
        <test-method is-config="true" signature="SetUp()[pri:0, instance:org.rntgroup.CalcUnitTest.MultiplyLongTest@130f889]" started-at="2024-03-12T13:31:18 MSK" name="SetUp" finished-at="2024-03-12T13:31:18 MSK" duration-ms="1" status="PASS">
          <reporter-output>
          </reporter-output>
        </test-method> <!-- SetUp -->
        <test-method signature="unitMultiplyLongTest(long,long,long)[pri:0, instance:org.rntgroup.CalcUnitTest.MultiplyLongTest@130f889]" started-at="2024-03-12T13:31:18 MSK" name="unitMultiplyLongTest" description="Unit Multiply Long Test" data-provider="valuesForMultiplyLongTest" finished-at="2024-03-12T13:31:18 MSK" duration-ms="0" status="PASS">
          <params>
            <param index="0">
              <value>
                <![CDATA[0]]>
              </value>
            </param>
            <param index="1">
              <value>
                <![CDATA[-1]]>
              </value>
            </param>
            <param index="2">
              <value>
                <![CDATA[0]]>
              </value>
            </param>
          </params>
          <reporter-output>
          </reporter-output>
        </test-method> <!-- unitMultiplyLongTest -->
        <test-method is-config="true" signature="tearDown()[pri:0, instance:org.rntgroup.CalcUnitTest.MultiplyLongTest@130f889]" started-at="2024-03-12T13:31:18 MSK" name="tearDown" finished-at="2024-03-12T13:31:18 MSK" duration-ms="0" status="PASS">
          <reporter-output>
          </reporter-output>
        </test-method> <!-- tearDown -->
        <test-method is-config="true" signature="SetUp()[pri:0, instance:org.rntgroup.CalcUnitTest.MultiplyLongTest@130f889]" started-at="2024-03-12T13:31:18 MSK" name="SetUp" finished-at="2024-03-12T13:31:18 MSK" duration-ms="0" status="PASS">
          <reporter-output>
          </reporter-output>
        </test-method> <!-- SetUp -->
        <test-method signature="unitMultiplyLongTest(long,long,long)[pri:0, instance:org.rntgroup.CalcUnitTest.MultiplyLongTest@130f889]" started-at="2024-03-12T13:31:18 MSK" name="unitMultiplyLongTest" description="Unit Multiply Long Test" data-provider="valuesForMultiplyLongTest" finished-at="2024-03-12T13:31:18 MSK" duration-ms="0" status="PASS">
          <params>
            <param index="0">
              <value>
                <![CDATA[10]]>
              </value>
            </param>
            <param index="1">
              <value>
                <![CDATA[15]]>
              </value>
            </param>
            <param index="2">
              <value>
                <![CDATA[150]]>
              </value>
            </param>
          </params>
          <reporter-output>
          </reporter-output>
        </test-method> <!-- unitMultiplyLongTest -->
        <test-method is-config="true" signature="tearDown()[pri:0, instance:org.rntgroup.CalcUnitTest.MultiplyLongTest@130f889]" started-at="2024-03-12T13:31:18 MSK" name="tearDown" finished-at="2024-03-12T13:31:18 MSK" duration-ms="0" status="PASS">
          <reporter-output>
          </reporter-output>
        </test-method> <!-- tearDown -->
        <test-method is-config="true" signature="SetUp()[pri:0, instance:org.rntgroup.CalcUnitTest.MultiplyLongTest@130f889]" started-at="2024-03-12T13:31:18 MSK" name="SetUp" finished-at="2024-03-12T13:31:18 MSK" duration-ms="1" status="PASS">
          <reporter-output>
          </reporter-output>
        </test-method> <!-- SetUp -->
        <test-method signature="unitMultiplyLongTest(long,long,long)[pri:0, instance:org.rntgroup.CalcUnitTest.MultiplyLongTest@130f889]" started-at="2024-03-12T13:31:18 MSK" name="unitMultiplyLongTest" description="Unit Multiply Long Test" data-provider="valuesForMultiplyLongTest" finished-at="2024-03-12T13:31:18 MSK" duration-ms="0" status="PASS">
          <params>
            <param index="0">
              <value>
                <![CDATA[-11]]>
              </value>
            </param>
            <param index="1">
              <value>
                <![CDATA[2]]>
              </value>
            </param>
            <param index="2">
              <value>
                <![CDATA[-22]]>
              </value>
            </param>
          </params>
          <reporter-output>
          </reporter-output>
        </test-method> <!-- unitMultiplyLongTest -->
        <test-method is-config="true" signature="tearDown()[pri:0, instance:org.rntgroup.CalcUnitTest.MultiplyLongTest@130f889]" started-at="2024-03-12T13:31:18 MSK" name="tearDown" finished-at="2024-03-12T13:31:18 MSK" duration-ms="0" status="PASS">
          <reporter-output>
          </reporter-output>
        </test-method> <!-- tearDown -->
        <test-method is-config="true" signature="SetUp()[pri:0, instance:org.rntgroup.CalcUnitTest.MultiplyLongTest@130f889]" started-at="2024-03-12T13:31:18 MSK" name="SetUp" finished-at="2024-03-12T13:31:18 MSK" duration-ms="1" status="PASS">
          <reporter-output>
          </reporter-output>
        </test-method> <!-- SetUp -->
        <test-method signature="unitMultiplyLongTest(long,long,long)[pri:0, instance:org.rntgroup.CalcUnitTest.MultiplyLongTest@130f889]" started-at="2024-03-12T13:31:18 MSK" name="unitMultiplyLongTest" description="Unit Multiply Long Test" data-provider="valuesForMultiplyLongTest" finished-at="2024-03-12T13:31:18 MSK" duration-ms="0" status="PASS">
          <params>
            <param index="0">
              <value>
                <![CDATA[-13]]>
              </value>
            </param>
            <param index="1">
              <value>
                <![CDATA[-10]]>
              </value>
            </param>
            <param index="2">
              <value>
                <![CDATA[130]]>
              </value>
            </param>
          </params>
          <reporter-output>
          </reporter-output>
        </test-method> <!-- unitMultiplyLongTest -->
        <test-method is-config="true" signature="tearDown()[pri:0, instance:org.rntgroup.CalcUnitTest.MultiplyLongTest@130f889]" started-at="2024-03-12T13:31:18 MSK" name="tearDown" finished-at="2024-03-12T13:31:18 MSK" duration-ms="1" status="PASS">
          <reporter-output>
          </reporter-output>
        </test-method> <!-- tearDown -->
      </class> <!-- org.rntgroup.CalcUnitTest.MultiplyLongTest -->
      <class name="org.rntgroup.CalcUnitTest.MultiplyDoubleTest">
        <test-method signature="unitMultiplyDoubleTest(double,double,double)[pri:0, instance:org.rntgroup.CalcUnitTest.MultiplyDoubleTest@70a9f84e]" started-at="2024-03-12T13:31:18 MSK" name="unitMultiplyDoubleTest" description="Unit Multiply Double Test" data-provider="valuesForMultiplyDoubleTest" finished-at="2024-03-12T13:31:18 MSK" duration-ms="1" status="PASS">
          <params>
            <param index="0">
              <value>
                <![CDATA[0.0]]>
              </value>
            </param>
            <param index="1">
              <value>
                <![CDATA[0.0]]>
              </value>
            </param>
            <param index="2">
              <value>
                <![CDATA[0.0]]>
              </value>
            </param>
          </params>
          <reporter-output>
          </reporter-output>
        </test-method> <!-- unitMultiplyDoubleTest -->
        <test-method is-config="true" signature="SetUp()[pri:0, instance:org.rntgroup.CalcUnitTest.MultiplyDoubleTest@70a9f84e]" started-at="2024-03-12T13:31:18 MSK" name="SetUp" finished-at="2024-03-12T13:31:18 MSK" duration-ms="0" status="PASS">
          <reporter-output>
          </reporter-output>
        </test-method> <!-- SetUp -->
        <test-method is-config="true" signature="tearDown()[pri:0, instance:org.rntgroup.CalcUnitTest.MultiplyDoubleTest@70a9f84e]" started-at="2024-03-12T13:31:18 MSK" name="tearDown" finished-at="2024-03-12T13:31:18 MSK" duration-ms="0" status="PASS">
          <reporter-output>
          </reporter-output>
        </test-method> <!-- tearDown -->
        <test-method is-config="true" signature="SetUp()[pri:0, instance:org.rntgroup.CalcUnitTest.MultiplyDoubleTest@70a9f84e]" started-at="2024-03-12T13:31:18 MSK" name="SetUp" finished-at="2024-03-12T13:31:18 MSK" duration-ms="1" status="PASS">
          <reporter-output>
          </reporter-output>
        </test-method> <!-- SetUp -->
        <test-method signature="unitMultiplyDoubleTest(double,double,double)[pri:0, instance:org.rntgroup.CalcUnitTest.MultiplyDoubleTest@70a9f84e]" started-at="2024-03-12T13:31:18 MSK" name="unitMultiplyDoubleTest" description="Unit Multiply Double Test" data-provider="valuesForMultiplyDoubleTest" finished-at="2024-03-12T13:31:18 MSK" duration-ms="0" status="PASS">
          <params>
            <param index="0">
              <value>
                <![CDATA[0.0]]>
              </value>
            </param>
            <param index="1">
              <value>
                <![CDATA[-1]]>
              </value>
            </param>
            <param index="2">
              <value>
                <![CDATA[-0.0]]>
              </value>
            </param>
          </params>
          <reporter-output>
          </reporter-output>
        </test-method> <!-- unitMultiplyDoubleTest -->
        <test-method is-config="true" signature="tearDown()[pri:0, instance:org.rntgroup.CalcUnitTest.MultiplyDoubleTest@70a9f84e]" started-at="2024-03-12T13:31:18 MSK" name="tearDown" finished-at="2024-03-12T13:31:18 MSK" duration-ms="0" status="PASS">
          <reporter-output>
          </reporter-output>
        </test-method> <!-- tearDown -->
        <test-method is-config="true" signature="SetUp()[pri:0, instance:org.rntgroup.CalcUnitTest.MultiplyDoubleTest@70a9f84e]" started-at="2024-03-12T13:31:18 MSK" name="SetUp" finished-at="2024-03-12T13:31:18 MSK" duration-ms="0" status="PASS">
          <reporter-output>
          </reporter-output>
        </test-method> <!-- SetUp -->
        <test-method signature="unitMultiplyDoubleTest(double,double,double)[pri:0, instance:org.rntgroup.CalcUnitTest.MultiplyDoubleTest@70a9f84e]" started-at="2024-03-12T13:31:18 MSK" name="unitMultiplyDoubleTest" description="Unit Multiply Double Test" data-provider="valuesForMultiplyDoubleTest" finished-at="2024-03-12T13:31:18 MSK" duration-ms="0" status="PASS">
          <params>
            <param index="0">
              <value>
                <![CDATA[10]]>
              </value>
            </param>
            <param index="1">
              <value>
                <![CDATA[15.3]]>
              </value>
            </param>
            <param index="2">
              <value>
                <![CDATA[153]]>
              </value>
            </param>
          </params>
          <reporter-output>
          </reporter-output>
        </test-method> <!-- unitMultiplyDoubleTest -->
        <test-method is-config="true" signature="tearDown()[pri:0, instance:org.rntgroup.CalcUnitTest.MultiplyDoubleTest@70a9f84e]" started-at="2024-03-12T13:31:18 MSK" name="tearDown" finished-at="2024-03-12T13:31:18 MSK" duration-ms="0" status="PASS">
          <reporter-output>
          </reporter-output>
        </test-method> <!-- tearDown -->
        <test-method signature="unitMultiplyDoubleTest(double,double,double)[pri:0, instance:org.rntgroup.CalcUnitTest.MultiplyDoubleTest@70a9f84e]" started-at="2024-03-12T13:31:18 MSK" name="unitMultiplyDoubleTest" description="Unit Multiply Double Test" data-provider="valuesForMultiplyDoubleTest" finished-at="2024-03-12T13:31:18 MSK" duration-ms="8" status="FAIL">
          <params>
            <param index="0">
              <value>
                <![CDATA[10.1]]>
              </value>
            </param>
            <param index="1">
              <value>
                <![CDATA[15.3]]>
              </value>
            </param>
            <param index="2">
              <value>
                <![CDATA[154.53]]>
              </value>
            </param>
          </params>
          <exception class="java.lang.AssertionError">
            <message>
              <![CDATA[Result is not correct! expected [154.53] but found [154.0]]]>
            </message>
            <full-stacktrace>
              <![CDATA[java.lang.AssertionError: Result is not correct! expected [154.53] but found [154.0]
at org.testng.Assert.fail(Assert.java:111)
at org.testng.Assert.failNotEquals(Assert.java:1578)
at org.testng.Assert.assertEquals(Assert.java:728)
at org.rntgroup.CalcUnitTest.MultiplyDoubleTest.unitMultiplyDoubleTest(MultiplyDoubleTest.java:25)
at java.base/jdk.internal.reflect.NativeMethodAccessorImpl.invoke0(Native Method)
at java.base/jdk.internal.reflect.NativeMethodAccessorImpl.invoke(NativeMethodAccessorImpl.java:77)
at java.base/jdk.internal.reflect.DelegatingMethodAccessorImpl.invoke(DelegatingMethodAccessorImpl.java:43)
at java.base/java.lang.reflect.Method.invoke(Method.java:568)
at org.testng.internal.invokers.MethodInvocationHelper.invokeMethod(MethodInvocationHelper.java:139)
at org.testng.internal.invokers.TestInvoker.invokeMethod(TestInvoker.java:664)
at org.testng.internal.invokers.TestInvoker.invokeTestMethod(TestInvoker.java:228)
at org.testng.internal.invokers.MethodRunner.runInSequence(MethodRunner.java:63)
at org.testng.internal.invokers.TestInvoker$MethodInvocationAgent.invoke(TestInvoker.java:961)
at org.testng.internal.invokers.TestInvoker.invokeTestMethods(TestInvoker.java:201)
at org.testng.internal.invokers.TestMethodWorker.invokeTestMethods(TestMethodWorker.java:148)
at org.testng.internal.invokers.TestMethodWorker.run(TestMethodWorker.java:128)
at java.base/java.util.concurrent.Executors$RunnableAdapter.call(Executors.java:539)
at java.base/java.util.concurrent.FutureTask.run(FutureTask.java:264)
at org.testng.internal.thread.graph.TestNGFutureTask.run(TestNGFutureTask.java:22)
at java.base/java.util.concurrent.ThreadPoolExecutor.runWorker(ThreadPoolExecutor.java:1136)
at java.base/java.util.concurrent.ThreadPoolExecutor$Worker.run(ThreadPoolExecutor.java:635)
at java.base/java.lang.Thread.run(Thread.java:840)
]]>
            </full-stacktrace>
          </exception> <!-- java.lang.AssertionError -->
          <reporter-output>
          </reporter-output>
        </test-method> <!-- unitMultiplyDoubleTest -->
        <test-method is-config="true" signature="SetUp()[pri:0, instance:org.rntgroup.CalcUnitTest.MultiplyDoubleTest@70a9f84e]" started-at="2024-03-12T13:31:18 MSK" name="SetUp" finished-at="2024-03-12T13:31:18 MSK" duration-ms="0" status="PASS">
          <reporter-output>
          </reporter-output>
        </test-method> <!-- SetUp -->
        <test-method is-config="true" signature="SetUp()[pri:0, instance:org.rntgroup.CalcUnitTest.MultiplyDoubleTest@70a9f84e]" started-at="2024-03-12T13:31:18 MSK" name="SetUp" finished-at="2024-03-12T13:31:18 MSK" duration-ms="1" status="PASS">
          <reporter-output>
          </reporter-output>
        </test-method> <!-- SetUp -->
        <test-method is-config="true" signature="tearDown()[pri:0, instance:org.rntgroup.CalcUnitTest.MultiplyDoubleTest@70a9f84e]" started-at="2024-03-12T13:31:18 MSK" name="tearDown" finished-at="2024-03-12T13:31:18 MSK" duration-ms="0" status="PASS">
          <reporter-output>
          </reporter-output>
        </test-method> <!-- tearDown -->
        <test-method signature="unitMultiplyDoubleTest(double,double,double)[pri:0, instance:org.rntgroup.CalcUnitTest.MultiplyDoubleTest@70a9f84e]" started-at="2024-03-12T13:31:18 MSK" name="unitMultiplyDoubleTest" description="Unit Multiply Double Test" data-provider="valuesForMultiplyDoubleTest" finished-at="2024-03-12T13:31:18 MSK" duration-ms="0" status="FAIL">
          <params>
            <param index="0">
              <value>
                <![CDATA[-13.2]]>
              </value>
            </param>
            <param index="1">
              <value>
                <![CDATA[-10.1]]>
              </value>
            </param>
            <param index="2">
              <value>
                <![CDATA[133.32]]>
              </value>
            </param>
          </params>
          <exception class="java.lang.AssertionError">
            <message>
              <![CDATA[Result is not correct! expected [133.32] but found [133.0]]]>
            </message>
            <full-stacktrace>
              <![CDATA[java.lang.AssertionError: Result is not correct! expected [133.32] but found [133.0]
at org.testng.Assert.fail(Assert.java:111)
at org.testng.Assert.failNotEquals(Assert.java:1578)
at org.testng.Assert.assertEquals(Assert.java:728)
at org.rntgroup.CalcUnitTest.MultiplyDoubleTest.unitMultiplyDoubleTest(MultiplyDoubleTest.java:25)
at java.base/jdk.internal.reflect.NativeMethodAccessorImpl.invoke0(Native Method)
at java.base/jdk.internal.reflect.NativeMethodAccessorImpl.invoke(NativeMethodAccessorImpl.java:77)
at java.base/jdk.internal.reflect.DelegatingMethodAccessorImpl.invoke(DelegatingMethodAccessorImpl.java:43)
at java.base/java.lang.reflect.Method.invoke(Method.java:568)
at org.testng.internal.invokers.MethodInvocationHelper.invokeMethod(MethodInvocationHelper.java:139)
at org.testng.internal.invokers.TestInvoker.invokeMethod(TestInvoker.java:664)
at org.testng.internal.invokers.TestInvoker.invokeTestMethod(TestInvoker.java:228)
at org.testng.internal.invokers.MethodRunner.runInSequence(MethodRunner.java:63)
at org.testng.internal.invokers.TestInvoker$MethodInvocationAgent.invoke(TestInvoker.java:961)
at org.testng.internal.invokers.TestInvoker.invokeTestMethods(TestInvoker.java:201)
at org.testng.internal.invokers.TestMethodWorker.invokeTestMethods(TestMethodWorker.java:148)
at org.testng.internal.invokers.TestMethodWorker.run(TestMethodWorker.java:128)
at java.base/java.util.concurrent.Executors$RunnableAdapter.call(Executors.java:539)
at java.base/java.util.concurrent.FutureTask.run(FutureTask.java:264)
at org.testng.internal.thread.graph.TestNGFutureTask.run(TestNGFutureTask.java:22)
at java.base/java.util.concurrent.ThreadPoolExecutor.runWorker(ThreadPoolExecutor.java:1136)
at java.base/java.util.concurrent.ThreadPoolExecutor$Worker.run(ThreadPoolExecutor.java:635)
at java.base/java.lang.Thread.run(Thread.java:840)
]]>
            </full-stacktrace>
          </exception> <!-- java.lang.AssertionError -->
          <reporter-output>
          </reporter-output>
        </test-method> <!-- unitMultiplyDoubleTest -->
        <test-method is-config="true" signature="tearDown()[pri:0, instance:org.rntgroup.CalcUnitTest.MultiplyDoubleTest@70a9f84e]" started-at="2024-03-12T13:31:18 MSK" name="tearDown" finished-at="2024-03-12T13:31:18 MSK" duration-ms="0" status="PASS">
          <reporter-output>
          </reporter-output>
        </test-method> <!-- tearDown -->
      </class> <!-- org.rntgroup.CalcUnitTest.MultiplyDoubleTest -->
      <class name="org.rntgroup.CalcUnitTest.DivLongTest">
        <test-method is-config="true" signature="SetUp()[pri:0, instance:org.rntgroup.CalcUnitTest.DivLongTest@1188e820]" started-at="2024-03-12T13:31:18 MSK" name="SetUp" finished-at="2024-03-12T13:31:18 MSK" duration-ms="1" status="PASS">
          <reporter-output>
          </reporter-output>
        </test-method> <!-- SetUp -->
        <test-method signature="unitDivByZeroLongTest()[pri:0, instance:org.rntgroup.CalcUnitTest.DivLongTest@1188e820]" started-at="2024-03-12T13:31:18 MSK" name="unitDivByZeroLongTest" description="Unit Div by Zero Long Test" finished-at="2024-03-12T13:31:18 MSK" duration-ms="1" status="FAIL">
          <exception class="java.lang.AssertionError">
            <message>
              <![CDATA[Expected ArithmeticException to be thrown, but NumberFormatException was thrown]]>
            </message>
            <full-stacktrace>
              <![CDATA[java.lang.AssertionError: Expected ArithmeticException to be thrown, but NumberFormatException was thrown
at org.testng.Assert.expectThrows(Assert.java:2454)
at org.testng.Assert.expectThrows(Assert.java:2425)
at org.testng.Assert.assertThrows(Assert.java:2391)
at org.rntgroup.CalcUnitTest.DivLongTest.unitDivByZeroLongTest(DivLongTest.java:31)
at java.base/jdk.internal.reflect.NativeMethodAccessorImpl.invoke0(Native Method)
at java.base/jdk.internal.reflect.NativeMethodAccessorImpl.invoke(NativeMethodAccessorImpl.java:77)
at java.base/jdk.internal.reflect.DelegatingMethodAccessorImpl.invoke(DelegatingMethodAccessorImpl.java:43)
at java.base/java.lang.reflect.Method.invoke(Method.java:568)
at org.testng.internal.invokers.MethodInvocationHelper.invokeMethod(MethodInvocationHelper.java:139)
at org.testng.internal.invokers.TestInvoker.invokeMethod(TestInvoker.java:664)
at org.testng.internal.invokers.TestInvoker.invokeTestMethod(TestInvoker.java:228)
at org.testng.internal.invokers.MethodRunner.runInSequence(MethodRunner.java:63)
at org.testng.internal.invokers.TestInvoker$MethodInvocationAgent.invoke(TestInvoker.java:961)
at org.testng.internal.invokers.TestInvoker.invokeTestMethods(TestInvoker.java:201)
at org.testng.internal.invokers.TestMethodWorker.invokeTestMethods(TestMethodWorker.java:148)
at org.testng.internal.invokers.TestMethodWorker.run(TestMethodWorker.java:128)
at java.base/java.util.concurrent.Executors$RunnableAdapter.call(Executors.java:539)
at java.base/java.util.concurrent.FutureTask.run(FutureTask.java:264)
at org.testng.internal.thread.graph.TestNGFutureTask.run(TestNGFutureTask.java:22)
at java.base/java.util.concurrent.ThreadPoolExecutor.runWorker(ThreadPoolExecutor.java:1136)
at java.base/java.util.concurrent.ThreadPoolExecutor$Worker.run(ThreadPoolExecutor.java:635)
at java.base/java.lang.Thread.run(Thread.java:840)
Caused by: java.lang.NumberFormatException: Attempt to divide by zero
at com.epam.tat.module4.Calculator.div(Calculator.java:34)
at org.rntgroup.CalcUnitTest.DivLongTest.lambda$unitDivByZeroLongTest$0(DivLongTest.java:31)
at org.testng.Assert.expectThrows(Assert.java:2444)
... 21 more
]]>
            </full-stacktrace>
          </exception> <!-- java.lang.AssertionError -->
          <reporter-output>
          </reporter-output>
        </test-method> <!-- unitDivByZeroLongTest -->
        <test-method is-config="true" signature="tearDown()[pri:0, instance:org.rntgroup.CalcUnitTest.DivLongTest@1188e820]" started-at="2024-03-12T13:31:18 MSK" name="tearDown" finished-at="2024-03-12T13:31:18 MSK" duration-ms="0" status="PASS">
          <reporter-output>
          </reporter-output>
        </test-method> <!-- tearDown -->
        <test-method signature="unitDivLongTest(long,long,long)[pri:0, instance:org.rntgroup.CalcUnitTest.DivLongTest@1188e820]" started-at="2024-03-12T13:31:18 MSK" name="unitDivLongTest" description="Unit Div Long Test" data-provider="valuesForDivLong" finished-at="2024-03-12T13:31:18 MSK" duration-ms="1" status="PASS">
          <params>
            <param index="0">
              <value>
                <![CDATA[0]]>
              </value>
            </param>
            <param index="1">
              <value>
                <![CDATA[-1]]>
              </value>
            </param>
            <param index="2">
              <value>
                <![CDATA[0]]>
              </value>
            </param>
          </params>
          <reporter-output>
          </reporter-output>
        </test-method> <!-- unitDivLongTest -->
        <test-method is-config="true" signature="SetUp()[pri:0, instance:org.rntgroup.CalcUnitTest.DivLongTest@1188e820]" started-at="2024-03-12T13:31:18 MSK" name="SetUp" finished-at="2024-03-12T13:31:18 MSK" duration-ms="0" status="PASS">
          <reporter-output>
          </reporter-output>
        </test-method> <!-- SetUp -->
        <test-method is-config="true" signature="tearDown()[pri:0, instance:org.rntgroup.CalcUnitTest.DivLongTest@1188e820]" started-at="2024-03-12T13:31:18 MSK" name="tearDown" finished-at="2024-03-12T13:31:18 MSK" duration-ms="0" status="PASS">
          <reporter-output>
          </reporter-output>
        </test-method> <!-- tearDown -->
        <test-method is-config="true" signature="SetUp()[pri:0, instance:org.rntgroup.CalcUnitTest.DivLongTest@1188e820]" started-at="2024-03-12T13:31:18 MSK" name="SetUp" finished-at="2024-03-12T13:31:18 MSK" duration-ms="1" status="PASS">
          <reporter-output>
          </reporter-output>
        </test-method> <!-- SetUp -->
        <test-method signature="unitDivLongTest(long,long,long)[pri:0, instance:org.rntgroup.CalcUnitTest.DivLongTest@1188e820]" started-at="2024-03-12T13:31:18 MSK" name="unitDivLongTest" description="Unit Div Long Test" data-provider="valuesForDivLong" finished-at="2024-03-12T13:31:18 MSK" duration-ms="0" status="PASS">
          <params>
            <param index="0">
              <value>
                <![CDATA[15]]>
              </value>
            </param>
            <param index="1">
              <value>
                <![CDATA[15]]>
              </value>
            </param>
            <param index="2">
              <value>
                <![CDATA[1]]>
              </value>
            </param>
          </params>
          <reporter-output>
          </reporter-output>
        </test-method> <!-- unitDivLongTest -->
        <test-method is-config="true" signature="tearDown()[pri:0, instance:org.rntgroup.CalcUnitTest.DivLongTest@1188e820]" started-at="2024-03-12T13:31:18 MSK" name="tearDown" finished-at="2024-03-12T13:31:18 MSK" duration-ms="1" status="PASS">
          <reporter-output>
          </reporter-output>
        </test-method> <!-- tearDown -->
        <test-method signature="unitDivLongTest(long,long,long)[pri:0, instance:org.rntgroup.CalcUnitTest.DivLongTest@1188e820]" started-at="2024-03-12T13:31:18 MSK" name="unitDivLongTest" description="Unit Div Long Test" data-provider="valuesForDivLong" finished-at="2024-03-12T13:31:18 MSK" duration-ms="0" status="PASS">
          <params>
            <param index="0">
              <value>
                <![CDATA[-10]]>
              </value>
            </param>
            <param index="1">
              <value>
                <![CDATA[2]]>
              </value>
            </param>
            <param index="2">
              <value>
                <![CDATA[-5]]>
              </value>
            </param>
          </params>
          <reporter-output>
          </reporter-output>
        </test-method> <!-- unitDivLongTest -->
        <test-method is-config="true" signature="SetUp()[pri:0, instance:org.rntgroup.CalcUnitTest.DivLongTest@1188e820]" started-at="2024-03-12T13:31:18 MSK" name="SetUp" finished-at="2024-03-12T13:31:18 MSK" duration-ms="0" status="PASS">
          <reporter-output>
          </reporter-output>
        </test-method> <!-- SetUp -->
        <test-method is-config="true" signature="tearDown()[pri:0, instance:org.rntgroup.CalcUnitTest.DivLongTest@1188e820]" started-at="2024-03-12T13:31:18 MSK" name="tearDown" finished-at="2024-03-12T13:31:18 MSK" duration-ms="1" status="PASS">
          <reporter-output>
          </reporter-output>
        </test-method> <!-- tearDown -->
        <test-method signature="unitDivLongTest(long,long,long)[pri:0, instance:org.rntgroup.CalcUnitTest.DivLongTest@1188e820]" started-at="2024-03-12T13:31:18 MSK" name="unitDivLongTest" description="Unit Div Long Test" data-provider="valuesForDivLong" finished-at="2024-03-12T13:31:18 MSK" duration-ms="0" status="PASS">
          <params>
            <param index="0">
              <value>
                <![CDATA[30]]>
              </value>
            </param>
            <param index="1">
              <value>
                <![CDATA[-15]]>
              </value>
            </param>
            <param index="2">
              <value>
                <![CDATA[-2]]>
              </value>
            </param>
          </params>
          <reporter-output>
          </reporter-output>
        </test-method> <!-- unitDivLongTest -->
        <test-method is-config="true" signature="tearDown()[pri:0, instance:org.rntgroup.CalcUnitTest.DivLongTest@1188e820]" started-at="2024-03-12T13:31:18 MSK" name="tearDown" finished-at="2024-03-12T13:31:18 MSK" duration-ms="0" status="PASS">
          <reporter-output>
          </reporter-output>
        </test-method> <!-- tearDown -->
        <test-method is-config="true" signature="SetUp()[pri:0, instance:org.rntgroup.CalcUnitTest.DivLongTest@1188e820]" started-at="2024-03-12T13:31:18 MSK" name="SetUp" finished-at="2024-03-12T13:31:18 MSK" duration-ms="0" status="PASS">
          <reporter-output>
          </reporter-output>
        </test-method> <!-- SetUp -->
      </class> <!-- org.rntgroup.CalcUnitTest.DivLongTest -->
      <class name="org.rntgroup.CalcUnitTest.SubDoubleTest">
        <test-method is-config="true" signature="SetUp()[pri:0, instance:org.rntgroup.CalcUnitTest.SubDoubleTest@74294adb]" started-at="2024-03-12T13:31:18 MSK" name="SetUp" finished-at="2024-03-12T13:31:18 MSK" duration-ms="1" status="PASS">
          <reporter-output>
          </reporter-output>
        </test-method> <!-- SetUp -->
        <test-method signature="unitSubDoubleTest(double,double,double)[pri:0, instance:org.rntgroup.CalcUnitTest.SubDoubleTest@74294adb]" started-at="2024-03-12T13:31:18 MSK" name="unitSubDoubleTest" description="Unit Sub Double Test" data-provider="valuesForSubDoubleTest" finished-at="2024-03-12T13:31:18 MSK" duration-ms="0" status="PASS">
          <params>
            <param index="0">
              <value>
                <![CDATA[0.0]]>
              </value>
            </param>
            <param index="1">
              <value>
                <![CDATA[0.0]]>
              </value>
            </param>
            <param index="2">
              <value>
                <![CDATA[0.0]]>
              </value>
            </param>
          </params>
          <reporter-output>
          </reporter-output>
        </test-method> <!-- unitSubDoubleTest -->
        <test-method is-config="true" signature="tearDown()[pri:0, instance:org.rntgroup.CalcUnitTest.SubDoubleTest@74294adb]" started-at="2024-03-12T13:31:18 MSK" name="tearDown" finished-at="2024-03-12T13:31:18 MSK" duration-ms="1" status="PASS">
          <reporter-output>
          </reporter-output>
        </test-method> <!-- tearDown -->
        <test-method is-config="true" signature="SetUp()[pri:0, instance:org.rntgroup.CalcUnitTest.SubDoubleTest@74294adb]" started-at="2024-03-12T13:31:18 MSK" name="SetUp" finished-at="2024-03-12T13:31:18 MSK" duration-ms="0" status="PASS">
          <reporter-output>
          </reporter-output>
        </test-method> <!-- SetUp -->
        <test-method signature="unitSubDoubleTest(double,double,double)[pri:0, instance:org.rntgroup.CalcUnitTest.SubDoubleTest@74294adb]" started-at="2024-03-12T13:31:18 MSK" name="unitSubDoubleTest" description="Unit Sub Double Test" data-provider="valuesForSubDoubleTest" finished-at="2024-03-12T13:31:18 MSK" duration-ms="0" status="PASS">
          <params>
            <param index="0">
              <value>
                <![CDATA[0]]>
              </value>
            </param>
            <param index="1">
              <value>
                <![CDATA[0.0]]>
              </value>
            </param>
            <param index="2">
              <value>
                <![CDATA[0.0]]>
              </value>
            </param>
          </params>
          <reporter-output>
          </reporter-output>
        </test-method> <!-- unitSubDoubleTest -->
        <test-method is-config="true" signature="tearDown()[pri:0, instance:org.rntgroup.CalcUnitTest.SubDoubleTest@74294adb]" started-at="2024-03-12T13:31:18 MSK" name="tearDown" finished-at="2024-03-12T13:31:18 MSK" duration-ms="1" status="PASS">
          <reporter-output>
          </reporter-output>
        </test-method> <!-- tearDown -->
        <test-method is-config="true" signature="SetUp()[pri:0, instance:org.rntgroup.CalcUnitTest.SubDoubleTest@74294adb]" started-at="2024-03-12T13:31:18 MSK" name="SetUp" finished-at="2024-03-12T13:31:18 MSK" duration-ms="1" status="PASS">
          <reporter-output>
          </reporter-output>
        </test-method> <!-- SetUp -->
        <test-method signature="unitSubDoubleTest(double,double,double)[pri:0, instance:org.rntgroup.CalcUnitTest.SubDoubleTest@74294adb]" started-at="2024-03-12T13:31:18 MSK" name="unitSubDoubleTest" description="Unit Sub Double Test" data-provider="valuesForSubDoubleTest" finished-at="2024-03-12T13:31:18 MSK" duration-ms="1" status="PASS">
          <params>
            <param index="0">
              <value>
                <![CDATA[10.1]]>
              </value>
            </param>
            <param index="1">
              <value>
                <![CDATA[15.33]]>
              </value>
            </param>
            <param index="2">
              <value>
                <![CDATA[-5.23]]>
              </value>
            </param>
          </params>
          <reporter-output>
          </reporter-output>
        </test-method> <!-- unitSubDoubleTest -->
        <test-method is-config="true" signature="tearDown()[pri:0, instance:org.rntgroup.CalcUnitTest.SubDoubleTest@74294adb]" started-at="2024-03-12T13:31:18 MSK" name="tearDown" finished-at="2024-03-12T13:31:18 MSK" duration-ms="1" status="PASS">
          <reporter-output>
          </reporter-output>
        </test-method> <!-- tearDown -->
        <test-method is-config="true" signature="SetUp()[pri:0, instance:org.rntgroup.CalcUnitTest.SubDoubleTest@74294adb]" started-at="2024-03-12T13:31:18 MSK" name="SetUp" finished-at="2024-03-12T13:31:18 MSK" duration-ms="1" status="PASS">
          <reporter-output>
          </reporter-output>
        </test-method> <!-- SetUp -->
        <test-method signature="unitSubDoubleTest(double,double,double)[pri:0, instance:org.rntgroup.CalcUnitTest.SubDoubleTest@74294adb]" started-at="2024-03-12T13:31:18 MSK" name="unitSubDoubleTest" description="Unit Sub Double Test" data-provider="valuesForSubDoubleTest" finished-at="2024-03-12T13:31:18 MSK" duration-ms="0" status="PASS">
          <params>
            <param index="0">
              <value>
                <![CDATA[10.1]]>
              </value>
            </param>
            <param index="1">
              <value>
                <![CDATA[15]]>
              </value>
            </param>
            <param index="2">
              <value>
                <![CDATA[-4.9]]>
              </value>
            </param>
          </params>
          <reporter-output>
          </reporter-output>
        </test-method> <!-- unitSubDoubleTest -->
        <test-method is-config="true" signature="tearDown()[pri:0, instance:org.rntgroup.CalcUnitTest.SubDoubleTest@74294adb]" started-at="2024-03-12T13:31:18 MSK" name="tearDown" finished-at="2024-03-12T13:31:18 MSK" duration-ms="1" status="PASS">
          <reporter-output>
          </reporter-output>
        </test-method> <!-- tearDown -->
        <test-method signature="unitSubDoubleTest(double,double,double)[pri:0, instance:org.rntgroup.CalcUnitTest.SubDoubleTest@74294adb]" started-at="2024-03-12T13:31:18 MSK" name="unitSubDoubleTest" description="Unit Sub Double Test" data-provider="valuesForSubDoubleTest" finished-at="2024-03-12T13:31:18 MSK" duration-ms="1" status="PASS">
          <params>
            <param index="0">
              <value>
                <![CDATA[-10.1]]>
              </value>
            </param>
            <param index="1">
              <value>
                <![CDATA[-15.5]]>
              </value>
            </param>
            <param index="2">
              <value>
                <![CDATA[5.4]]>
              </value>
            </param>
          </params>
          <reporter-output>
          </reporter-output>
        </test-method> <!-- unitSubDoubleTest -->
        <test-method is-config="true" signature="SetUp()[pri:0, instance:org.rntgroup.CalcUnitTest.SubDoubleTest@74294adb]" started-at="2024-03-12T13:31:18 MSK" name="SetUp" finished-at="2024-03-12T13:31:18 MSK" duration-ms="0" status="PASS">
          <reporter-output>
          </reporter-output>
        </test-method> <!-- SetUp -->
        <test-method is-config="true" signature="tearDown()[pri:0, instance:org.rntgroup.CalcUnitTest.SubDoubleTest@74294adb]" started-at="2024-03-12T13:31:18 MSK" name="tearDown" finished-at="2024-03-12T13:31:18 MSK" duration-ms="1" status="PASS">
          <reporter-output>
          </reporter-output>
        </test-method> <!-- tearDown -->
        <test-method signature="unitSubDoubleTest(double,double,double)[pri:0, instance:org.rntgroup.CalcUnitTest.SubDoubleTest@74294adb]" started-at="2024-03-12T13:31:18 MSK" name="unitSubDoubleTest" description="Unit Sub Double Test" data-provider="valuesForSubDoubleTest" finished-at="2024-03-12T13:31:18 MSK" duration-ms="1" status="PASS">
          <params>
            <param index="0">
              <value>
                <![CDATA[-13.1]]>
              </value>
            </param>
            <param index="1">
              <value>
                <![CDATA[10.1]]>
              </value>
            </param>
            <param index="2">
              <value>
                <![CDATA[-23.2]]>
              </value>
            </param>
          </params>
          <reporter-output>
          </reporter-output>
        </test-method> <!-- unitSubDoubleTest -->
        <test-method is-config="true" signature="SetUp()[pri:0, instance:org.rntgroup.CalcUnitTest.SubDoubleTest@74294adb]" started-at="2024-03-12T13:31:18 MSK" name="SetUp" finished-at="2024-03-12T13:31:18 MSK" duration-ms="0" status="PASS">
          <reporter-output>
          </reporter-output>
        </test-method> <!-- SetUp -->
        <test-method is-config="true" signature="tearDown()[pri:0, instance:org.rntgroup.CalcUnitTest.SubDoubleTest@74294adb]" started-at="2024-03-12T13:31:18 MSK" name="tearDown" finished-at="2024-03-12T13:31:18 MSK" duration-ms="0" status="PASS">
          <reporter-output>
          </reporter-output>
        </test-method> <!-- tearDown -->
      </class> <!-- org.rntgroup.CalcUnitTest.SubDoubleTest -->
      <class name="org.rntgroup.CalcUnitTest.SumDoubleTest">
        <test-method signature="unitSumDoubleTest(double,double,double)[pri:0, instance:org.rntgroup.CalcUnitTest.SumDoubleTest@58a90037]" started-at="2024-03-12T13:31:18 MSK" name="unitSumDoubleTest" description="Unit Sum Double Test" data-provider="valuesForSumDoubleTest" finished-at="2024-03-12T13:31:18 MSK" duration-ms="1" status="PASS">
          <params>
            <param index="0">
              <value>
                <![CDATA[0.0]]>
              </value>
            </param>
            <param index="1">
              <value>
                <![CDATA[0.0]]>
              </value>
            </param>
            <param index="2">
              <value>
                <![CDATA[0.0]]>
              </value>
            </param>
          </params>
          <reporter-output>
          </reporter-output>
        </test-method> <!-- unitSumDoubleTest -->
        <test-method is-config="true" signature="SetUp()[pri:0, instance:org.rntgroup.CalcUnitTest.SumDoubleTest@58a90037]" started-at="2024-03-12T13:31:18 MSK" name="SetUp" finished-at="2024-03-12T13:31:18 MSK" duration-ms="0" status="PASS">
          <reporter-output>
          </reporter-output>
        </test-method> <!-- SetUp -->
        <test-method is-config="true" signature="tearDown()[pri:0, instance:org.rntgroup.CalcUnitTest.SumDoubleTest@58a90037]" started-at="2024-03-12T13:31:18 MSK" name="tearDown" finished-at="2024-03-12T13:31:18 MSK" duration-ms="0" status="PASS">
          <reporter-output>
          </reporter-output>
        </test-method> <!-- tearDown -->
        <test-method signature="unitSumDoubleTest(double,double,double)[pri:0, instance:org.rntgroup.CalcUnitTest.SumDoubleTest@58a90037]" started-at="2024-03-12T13:31:18 MSK" name="unitSumDoubleTest" description="Unit Sum Double Test" data-provider="valuesForSumDoubleTest" finished-at="2024-03-12T13:31:18 MSK" duration-ms="0" status="PASS">
          <params>
            <param index="0">
              <value>
                <![CDATA[0]]>
              </value>
            </param>
            <param index="1">
              <value>
                <![CDATA[0.0]]>
              </value>
            </param>
            <param index="2">
              <value>
                <![CDATA[0.0]]>
              </value>
            </param>
          </params>
          <reporter-output>
          </reporter-output>
        </test-method> <!-- unitSumDoubleTest -->
        <test-method is-config="true" signature="SetUp()[pri:0, instance:org.rntgroup.CalcUnitTest.SumDoubleTest@58a90037]" started-at="2024-03-12T13:31:18 MSK" name="SetUp" finished-at="2024-03-12T13:31:18 MSK" duration-ms="0" status="PASS">
          <reporter-output>
          </reporter-output>
        </test-method> <!-- SetUp -->
        <test-method is-config="true" signature="tearDown()[pri:0, instance:org.rntgroup.CalcUnitTest.SumDoubleTest@58a90037]" started-at="2024-03-12T13:31:18 MSK" name="tearDown" finished-at="2024-03-12T13:31:18 MSK" duration-ms="1" status="PASS">
          <reporter-output>
          </reporter-output>
        </test-method> <!-- tearDown -->
        <test-method signature="unitSumDoubleTest(double,double,double)[pri:0, instance:org.rntgroup.CalcUnitTest.SumDoubleTest@58a90037]" started-at="2024-03-12T13:31:18 MSK" name="unitSumDoubleTest" description="Unit Sum Double Test" data-provider="valuesForSumDoubleTest" finished-at="2024-03-12T13:31:18 MSK" duration-ms="0" status="PASS">
          <params>
            <param index="0">
              <value>
                <![CDATA[10.1]]>
              </value>
            </param>
            <param index="1">
              <value>
                <![CDATA[15.3]]>
              </value>
            </param>
            <param index="2">
              <value>
                <![CDATA[25.4]]>
              </value>
            </param>
          </params>
          <reporter-output>
          </reporter-output>
        </test-method> <!-- unitSumDoubleTest -->
        <test-method is-config="true" signature="tearDown()[pri:0, instance:org.rntgroup.CalcUnitTest.SumDoubleTest@58a90037]" started-at="2024-03-12T13:31:18 MSK" name="tearDown" finished-at="2024-03-12T13:31:18 MSK" duration-ms="1" status="PASS">
          <reporter-output>
          </reporter-output>
        </test-method> <!-- tearDown -->
        <test-method is-config="true" signature="SetUp()[pri:0, instance:org.rntgroup.CalcUnitTest.SumDoubleTest@58a90037]" started-at="2024-03-12T13:31:18 MSK" name="SetUp" finished-at="2024-03-12T13:31:18 MSK" duration-ms="0" status="PASS">
          <reporter-output>
          </reporter-output>
        </test-method> <!-- SetUp -->
        <test-method signature="unitSumDoubleTest(double,double,double)[pri:0, instance:org.rntgroup.CalcUnitTest.SumDoubleTest@58a90037]" started-at="2024-03-12T13:31:18 MSK" name="unitSumDoubleTest" description="Unit Sum Double Test" data-provider="valuesForSumDoubleTest" finished-at="2024-03-12T13:31:18 MSK" duration-ms="1" status="PASS">
          <params>
            <param index="0">
              <value>
                <![CDATA[10.1]]>
              </value>
            </param>
            <param index="1">
              <value>
                <![CDATA[15.3]]>
              </value>
            </param>
            <param index="2">
              <value>
                <![CDATA[25.4]]>
              </value>
            </param>
          </params>
          <reporter-output>
          </reporter-output>
        </test-method> <!-- unitSumDoubleTest -->
        <test-method is-config="true" signature="SetUp()[pri:0, instance:org.rntgroup.CalcUnitTest.SumDoubleTest@58a90037]" started-at="2024-03-12T13:31:18 MSK" name="SetUp" finished-at="2024-03-12T13:31:18 MSK" duration-ms="0" status="PASS">
          <reporter-output>
          </reporter-output>
        </test-method> <!-- SetUp -->
        <test-method is-config="true" signature="SetUp()[pri:0, instance:org.rntgroup.CalcUnitTest.SumDoubleTest@58a90037]" started-at="2024-03-12T13:31:18 MSK" name="SetUp" finished-at="2024-03-12T13:31:18 MSK" duration-ms="1" status="PASS">
          <reporter-output>
          </reporter-output>
        </test-method> <!-- SetUp -->
        <test-method is-config="true" signature="tearDown()[pri:0, instance:org.rntgroup.CalcUnitTest.SumDoubleTest@58a90037]" started-at="2024-03-12T13:31:18 MSK" name="tearDown" finished-at="2024-03-12T13:31:18 MSK" duration-ms="0" status="PASS">
          <reporter-output>
          </reporter-output>
        </test-method> <!-- tearDown -->
        <test-method signature="unitSumDoubleTest(double,double,double)[pri:0, instance:org.rntgroup.CalcUnitTest.SumDoubleTest@58a90037]" started-at="2024-03-12T13:31:18 MSK" name="unitSumDoubleTest" description="Unit Sum Double Test" data-provider="valuesForSumDoubleTest" finished-at="2024-03-12T13:31:18 MSK" duration-ms="0" status="PASS">
          <params>
            <param index="0">
              <value>
                <![CDATA[10.1]]>
              </value>
            </param>
            <param index="1">
              <value>
                <![CDATA[15]]>
              </value>
            </param>
            <param index="2">
              <value>
                <![CDATA[25.1]]>
              </value>
            </param>
          </params>
          <reporter-output>
          </reporter-output>
        </test-method> <!-- unitSumDoubleTest -->
        <test-method is-config="true" signature="tearDown()[pri:0, instance:org.rntgroup.CalcUnitTest.SumDoubleTest@58a90037]" started-at="2024-03-12T13:31:18 MSK" name="tearDown" finished-at="2024-03-12T13:31:18 MSK" duration-ms="0" status="PASS">
          <reporter-output>
          </reporter-output>
        </test-method> <!-- tearDown -->
        <test-method signature="unitSumDoubleTest(double,double,double)[pri:0, instance:org.rntgroup.CalcUnitTest.SumDoubleTest@58a90037]" started-at="2024-03-12T13:31:18 MSK" name="unitSumDoubleTest" description="Unit Sum Double Test" data-provider="valuesForSumDoubleTest" finished-at="2024-03-12T13:31:18 MSK" duration-ms="1" status="PASS">
          <params>
            <param index="0">
              <value>
                <![CDATA[10]]>
              </value>
            </param>
            <param index="1">
              <value>
                <![CDATA[15.1]]>
              </value>
            </param>
            <param index="2">
              <value>
                <![CDATA[25.1]]>
              </value>
            </param>
          </params>
          <reporter-output>
          </reporter-output>
        </test-method> <!-- unitSumDoubleTest -->
        <test-method is-config="true" signature="SetUp()[pri:0, instance:org.rntgroup.CalcUnitTest.SumDoubleTest@58a90037]" started-at="2024-03-12T13:31:18 MSK" name="SetUp" finished-at="2024-03-12T13:31:18 MSK" duration-ms="0" status="PASS">
          <reporter-output>
          </reporter-output>
        </test-method> <!-- SetUp -->
        <test-method is-config="true" signature="tearDown()[pri:0, instance:org.rntgroup.CalcUnitTest.SumDoubleTest@58a90037]" started-at="2024-03-12T13:31:18 MSK" name="tearDown" finished-at="2024-03-12T13:31:18 MSK" duration-ms="0" status="PASS">
          <reporter-output>
          </reporter-output>
        </test-method> <!-- tearDown -->
        <test-method signature="unitSumDoubleTest(double,double,double)[pri:0, instance:org.rntgroup.CalcUnitTest.SumDoubleTest@58a90037]" started-at="2024-03-12T13:31:18 MSK" name="unitSumDoubleTest" description="Unit Sum Double Test" data-provider="valuesForSumDoubleTest" finished-at="2024-03-12T13:31:18 MSK" duration-ms="0" status="PASS">
          <params>
            <param index="0">
              <value>
                <![CDATA[10.1]]>
              </value>
            </param>
            <param index="1">
              <value>
                <![CDATA[-15.5]]>
              </value>
            </param>
            <param index="2">
              <value>
                <![CDATA[-5.4]]>
              </value>
            </param>
          </params>
          <reporter-output>
          </reporter-output>
        </test-method> <!-- unitSumDoubleTest -->
        <test-method is-config="true" signature="SetUp()[pri:0, instance:org.rntgroup.CalcUnitTest.SumDoubleTest@58a90037]" started-at="2024-03-12T13:31:18 MSK" name="SetUp" finished-at="2024-03-12T13:31:18 MSK" duration-ms="0" status="PASS">
          <reporter-output>
          </reporter-output>
        </test-method> <!-- SetUp -->
        <test-method is-config="true" signature="tearDown()[pri:0, instance:org.rntgroup.CalcUnitTest.SumDoubleTest@58a90037]" started-at="2024-03-12T13:31:18 MSK" name="tearDown" finished-at="2024-03-12T13:31:18 MSK" duration-ms="0" status="PASS">
          <reporter-output>
          </reporter-output>
        </test-method> <!-- tearDown -->
        <test-method signature="unitSumDoubleTest(double,double,double)[pri:0, instance:org.rntgroup.CalcUnitTest.SumDoubleTest@58a90037]" started-at="2024-03-12T13:31:18 MSK" name="unitSumDoubleTest" description="Unit Sum Double Test" data-provider="valuesForSumDoubleTest" finished-at="2024-03-12T13:31:18 MSK" duration-ms="0" status="PASS">
          <params>
            <param index="0">
              <value>
                <![CDATA[-13.0]]>
              </value>
            </param>
            <param index="1">
              <value>
                <![CDATA[-10.1]]>
              </value>
            </param>
            <param index="2">
              <value>
                <![CDATA[-23.1]]>
              </value>
            </param>
          </params>
          <reporter-output>
          </reporter-output>
        </test-method> <!-- unitSumDoubleTest -->
        <test-method is-config="true" signature="tearDown()[pri:0, instance:org.rntgroup.CalcUnitTest.SumDoubleTest@58a90037]" started-at="2024-03-12T13:31:18 MSK" name="tearDown" finished-at="2024-03-12T13:31:18 MSK" duration-ms="1" status="PASS">
          <reporter-output>
          </reporter-output>
        </test-method> <!-- tearDown -->
        <test-method is-config="true" signature="SetUp()[pri:0, instance:org.rntgroup.CalcUnitTest.SumDoubleTest@58a90037]" started-at="2024-03-12T13:31:18 MSK" name="SetUp" finished-at="2024-03-12T13:31:18 MSK" duration-ms="0" status="PASS">
          <reporter-output>
          </reporter-output>
        </test-method> <!-- SetUp -->
      </class> <!-- org.rntgroup.CalcUnitTest.SumDoubleTest -->
      <class name="org.rntgroup.CalcUnitTest.SumLongTest">
        <test-method is-config="true" signature="SetUp()[pri:0, instance:org.rntgroup.CalcUnitTest.SumLongTest@7e9a5fbe]" started-at="2024-03-12T13:31:18 MSK" name="SetUp" finished-at="2024-03-12T13:31:18 MSK" duration-ms="6" status="PASS">
          <reporter-output>
          </reporter-output>
        </test-method> <!-- SetUp -->
        <test-method signature="unitSumLongTest(long,long,long)[pri:0, instance:org.rntgroup.CalcUnitTest.SumLongTest@7e9a5fbe]" started-at="2024-03-12T13:31:18 MSK" name="unitSumLongTest" description="Unit Sum Long Test" data-provider="valuesForSumLongTest" finished-at="2024-03-12T13:31:18 MSK" duration-ms="3" status="PASS">
          <params>
            <param index="0">
              <value>
                <![CDATA[0]]>
              </value>
            </param>
            <param index="1">
              <value>
                <![CDATA[0]]>
              </value>
            </param>
            <param index="2">
              <value>
                <![CDATA[0]]>
              </value>
            </param>
          </params>
          <reporter-output>
          </reporter-output>
        </test-method> <!-- unitSumLongTest -->
        <test-method is-config="true" signature="tearDown()[pri:0, instance:org.rntgroup.CalcUnitTest.SumLongTest@7e9a5fbe]" started-at="2024-03-12T13:31:18 MSK" name="tearDown" finished-at="2024-03-12T13:31:18 MSK" duration-ms="1" status="PASS">
          <reporter-output>
          </reporter-output>
        </test-method> <!-- tearDown -->
        <test-method signature="unitSumLongTest(long,long,long)[pri:0, instance:org.rntgroup.CalcUnitTest.SumLongTest@7e9a5fbe]" started-at="2024-03-12T13:31:18 MSK" name="unitSumLongTest" description="Unit Sum Long Test" data-provider="valuesForSumLongTest" finished-at="2024-03-12T13:31:18 MSK" duration-ms="0" status="PASS">
          <params>
            <param index="0">
              <value>
                <![CDATA[10]]>
              </value>
            </param>
            <param index="1">
              <value>
                <![CDATA[15]]>
              </value>
            </param>
            <param index="2">
              <value>
                <![CDATA[25]]>
              </value>
            </param>
          </params>
          <reporter-output>
          </reporter-output>
        </test-method> <!-- unitSumLongTest -->
        <test-method is-config="true" signature="SetUp()[pri:0, instance:org.rntgroup.CalcUnitTest.SumLongTest@7e9a5fbe]" started-at="2024-03-12T13:31:18 MSK" name="SetUp" finished-at="2024-03-12T13:31:18 MSK" duration-ms="0" status="PASS">
          <reporter-output>
          </reporter-output>
        </test-method> <!-- SetUp -->
        <test-method is-config="true" signature="tearDown()[pri:0, instance:org.rntgroup.CalcUnitTest.SumLongTest@7e9a5fbe]" started-at="2024-03-12T13:31:18 MSK" name="tearDown" finished-at="2024-03-12T13:31:18 MSK" duration-ms="0" status="PASS">
          <reporter-output>
          </reporter-output>
        </test-method> <!-- tearDown -->
        <test-method is-config="true" signature="SetUp()[pri:0, instance:org.rntgroup.CalcUnitTest.SumLongTest@7e9a5fbe]" started-at="2024-03-12T13:31:18 MSK" name="SetUp" finished-at="2024-03-12T13:31:18 MSK" duration-ms="1" status="PASS">
          <reporter-output>
          </reporter-output>
        </test-method> <!-- SetUp -->
        <test-method signature="unitSumLongTest(long,long,long)[pri:0, instance:org.rntgroup.CalcUnitTest.SumLongTest@7e9a5fbe]" started-at="2024-03-12T13:31:18 MSK" name="unitSumLongTest" description="Unit Sum Long Test" data-provider="valuesForSumLongTest" finished-at="2024-03-12T13:31:18 MSK" duration-ms="0" status="PASS">
          <params>
            <param index="0">
              <value>
                <![CDATA[10]]>
              </value>
            </param>
            <param index="1">
              <value>
                <![CDATA[-15]]>
              </value>
            </param>
            <param index="2">
              <value>
                <![CDATA[-5]]>
              </value>
            </param>
          </params>
          <reporter-output>
          </reporter-output>
        </test-method> <!-- unitSumLongTest -->
        <test-method is-config="true" signature="tearDown()[pri:0, instance:org.rntgroup.CalcUnitTest.SumLongTest@7e9a5fbe]" started-at="2024-03-12T13:31:18 MSK" name="tearDown" finished-at="2024-03-12T13:31:18 MSK" duration-ms="1" status="PASS">
          <reporter-output>
          </reporter-output>
        </test-method> <!-- tearDown -->
        <test-method signature="unitSumLongTest(long,long,long)[pri:0, instance:org.rntgroup.CalcUnitTest.SumLongTest@7e9a5fbe]" started-at="2024-03-12T13:31:18 MSK" name="unitSumLongTest" description="Unit Sum Long Test" data-provider="valuesForSumLongTest" finished-at="2024-03-12T13:31:18 MSK" duration-ms="1" status="PASS">
          <params>
            <param index="0">
              <value>
                <![CDATA[-1]]>
              </value>
            </param>
            <param index="1">
              <value>
                <![CDATA[10]]>
              </value>
            </param>
            <param index="2">
              <value>
                <![CDATA[9]]>
              </value>
            </param>
          </params>
          <reporter-output>
          </reporter-output>
        </test-method> <!-- unitSumLongTest -->
        <test-method is-config="true" signature="SetUp()[pri:0, instance:org.rntgroup.CalcUnitTest.SumLongTest@7e9a5fbe]" started-at="2024-03-12T13:31:18 MSK" name="SetUp" finished-at="2024-03-12T13:31:18 MSK" duration-ms="0" status="PASS">
          <reporter-output>
          </reporter-output>
        </test-method> <!-- SetUp -->
        <test-method is-config="true" signature="tearDown()[pri:0, instance:org.rntgroup.CalcUnitTest.SumLongTest@7e9a5fbe]" started-at="2024-03-12T13:31:18 MSK" name="tearDown" finished-at="2024-03-12T13:31:18 MSK" duration-ms="0" status="PASS">
          <reporter-output>
          </reporter-output>
        </test-method> <!-- tearDown -->
        <test-method signature="unitSumLongTest(long,long,long)[pri:0, instance:org.rntgroup.CalcUnitTest.SumLongTest@7e9a5fbe]" started-at="2024-03-12T13:31:18 MSK" name="unitSumLongTest" description="Unit Sum Long Test" data-provider="valuesForSumLongTest" finished-at="2024-03-12T13:31:18 MSK" duration-ms="0" status="PASS">
          <params>
            <param index="0">
              <value>
                <![CDATA[-1]]>
              </value>
            </param>
            <param index="1">
              <value>
                <![CDATA[-10]]>
              </value>
            </param>
            <param index="2">
              <value>
                <![CDATA[-11]]>
              </value>
            </param>
          </params>
          <reporter-output>
          </reporter-output>
        </test-method> <!-- unitSumLongTest -->
        <test-method is-config="true" signature="SetUp()[pri:0, instance:org.rntgroup.CalcUnitTest.SumLongTest@7e9a5fbe]" started-at="2024-03-12T13:31:18 MSK" name="SetUp" finished-at="2024-03-12T13:31:18 MSK" duration-ms="0" status="PASS">
          <reporter-output>
          </reporter-output>
        </test-method> <!-- SetUp -->
        <test-method is-config="true" signature="tearDown()[pri:0, instance:org.rntgroup.CalcUnitTest.SumLongTest@7e9a5fbe]" started-at="2024-03-12T13:31:18 MSK" name="tearDown" finished-at="2024-03-12T13:31:18 MSK" duration-ms="0" status="PASS">
          <reporter-output>
          </reporter-output>
        </test-method> <!-- tearDown -->
      </class> <!-- org.rntgroup.CalcUnitTest.SumLongTest -->
    </test> <!-- Arithmetic Function Unit Test -->
  </suite> <!-- Arithmetic Function Suite -->
  <suite started-at="2024-03-12T13:31:18 MSK" name="Trigonometric Function Suite" finished-at="2024-03-12T13:31:18 MSK" duration-ms="39">
    <groups>
    </groups>
    <test started-at="2024-03-12T13:31:18 MSK" name="Trigonometric Function Unit Test" finished-at="2024-03-12T13:31:18 MSK" duration-ms="39">
      <class name="org.rntgroup.CalcUnitTest.SinTest">
        <test-method signature="unitSinOfInfinityTest()[pri:0, instance:org.rntgroup.CalcUnitTest.SinTest@70b0b186]" started-at="2024-03-12T13:31:18 MSK" name="unitSinOfInfinityTest" description="Unit Sin Of Infinity Test" finished-at="2024-03-12T13:31:18 MSK" duration-ms="2" status="FAIL">
          <exception class="java.lang.AssertionError">
            <message>
              <![CDATA[Expected IllegalArgumentException to be thrown, but nothing was thrown]]>
            </message>
            <full-stacktrace>
              <![CDATA[java.lang.AssertionError: Expected IllegalArgumentException to be thrown, but nothing was thrown
at org.testng.Assert.expectThrows(Assert.java:2460)
at org.testng.Assert.expectThrows(Assert.java:2425)
at org.testng.Assert.assertThrows(Assert.java:2391)
at org.rntgroup.CalcUnitTest.SinTest.unitSinOfInfinityTest(SinTest.java:36)
at java.base/jdk.internal.reflect.NativeMethodAccessorImpl.invoke0(Native Method)
at java.base/jdk.internal.reflect.NativeMethodAccessorImpl.invoke(NativeMethodAccessorImpl.java:77)
at java.base/jdk.internal.reflect.DelegatingMethodAccessorImpl.invoke(DelegatingMethodAccessorImpl.java:43)
at java.base/java.lang.reflect.Method.invoke(Method.java:568)
at org.testng.internal.invokers.MethodInvocationHelper.invokeMethod(MethodInvocationHelper.java:139)
at org.testng.internal.invokers.TestInvoker.invokeMethod(TestInvoker.java:664)
at org.testng.internal.invokers.TestInvoker.invokeTestMethod(TestInvoker.java:228)
at org.testng.internal.invokers.MethodRunner.runInSequence(MethodRunner.java:63)
at org.testng.internal.invokers.TestInvoker$MethodInvocationAgent.invoke(TestInvoker.java:961)
at org.testng.internal.invokers.TestInvoker.invokeTestMethods(TestInvoker.java:201)
at org.testng.internal.invokers.TestMethodWorker.invokeTestMethods(TestMethodWorker.java:148)
at org.testng.internal.invokers.TestMethodWorker.run(TestMethodWorker.java:128)
at java.base/java.util.concurrent.Executors$RunnableAdapter.call(Executors.java:539)
at java.base/java.util.concurrent.FutureTask.run(FutureTask.java:264)
at org.testng.internal.thread.graph.TestNGFutureTask.run(TestNGFutureTask.java:22)
at java.base/java.util.concurrent.ThreadPoolExecutor.runWorker(ThreadPoolExecutor.java:1136)
at java.base/java.util.concurrent.ThreadPoolExecutor$Worker.run(ThreadPoolExecutor.java:635)
at java.base/java.lang.Thread.run(Thread.java:840)
]]>
            </full-stacktrace>
          </exception> <!-- java.lang.AssertionError -->
          <reporter-output>
          </reporter-output>
        </test-method> <!-- unitSinOfInfinityTest -->
        <test-method is-config="true" signature="SetUp()[pri:0, instance:org.rntgroup.CalcUnitTest.SinTest@70b0b186]" started-at="2024-03-12T13:31:18 MSK" name="SetUp" finished-at="2024-03-12T13:31:18 MSK" duration-ms="0" status="PASS">
          <reporter-output>
          </reporter-output>
        </test-method> <!-- SetUp -->
        <test-method is-config="true" signature="tearDown()[pri:0, instance:org.rntgroup.CalcUnitTest.SinTest@70b0b186]" started-at="2024-03-12T13:31:18 MSK" name="tearDown" finished-at="2024-03-12T13:31:18 MSK" duration-ms="0" status="PASS">
          <reporter-output>
          </reporter-output>
        </test-method> <!-- tearDown -->
        <test-method signature="unitSinTest(double,double)[pri:0, instance:org.rntgroup.CalcUnitTest.SinTest@70b0b186]" started-at="2024-03-12T13:31:18 MSK" name="unitSinTest" description="Unit Sin Test" data-provider="valuesForSin" finished-at="2024-03-12T13:31:18 MSK" duration-ms="0" status="PASS">
          <params>
            <param index="0">
              <value>
                <![CDATA[0]]>
              </value>
            </param>
            <param index="1">
              <value>
                <![CDATA[0]]>
              </value>
            </param>
          </params>
          <reporter-output>
          </reporter-output>
        </test-method> <!-- unitSinTest -->
        <test-method is-config="true" signature="SetUp()[pri:0, instance:org.rntgroup.CalcUnitTest.SinTest@70b0b186]" started-at="2024-03-12T13:31:18 MSK" name="SetUp" finished-at="2024-03-12T13:31:18 MSK" duration-ms="0" status="PASS">
          <reporter-output>
          </reporter-output>
        </test-method> <!-- SetUp -->
        <test-method signature="unitSinTest(double,double)[pri:0, instance:org.rntgroup.CalcUnitTest.SinTest@70b0b186]" started-at="2024-03-12T13:31:18 MSK" name="unitSinTest" description="Unit Sin Test" data-provider="valuesForSin" finished-at="2024-03-12T13:31:18 MSK" duration-ms="0" status="PASS">
          <params>
            <param index="0">
              <value>
                <![CDATA[30]]>
              </value>
            </param>
            <param index="1">
              <value>
                <![CDATA[0.49999999999999994]]>
              </value>
            </param>
          </params>
          <reporter-output>
          </reporter-output>
        </test-method> <!-- unitSinTest -->
        <test-method is-config="true" signature="SetUp()[pri:0, instance:org.rntgroup.CalcUnitTest.SinTest@70b0b186]" started-at="2024-03-12T13:31:18 MSK" name="SetUp" finished-at="2024-03-12T13:31:18 MSK" duration-ms="0" status="PASS">
          <reporter-output>
          </reporter-output>
        </test-method> <!-- SetUp -->
        <test-method is-config="true" signature="tearDown()[pri:0, instance:org.rntgroup.CalcUnitTest.SinTest@70b0b186]" started-at="2024-03-12T13:31:18 MSK" name="tearDown" finished-at="2024-03-12T13:31:18 MSK" duration-ms="1" status="PASS">
          <reporter-output>
          </reporter-output>
        </test-method> <!-- tearDown -->
        <test-method is-config="true" signature="tearDown()[pri:0, instance:org.rntgroup.CalcUnitTest.SinTest@70b0b186]" started-at="2024-03-12T13:31:18 MSK" name="tearDown" finished-at="2024-03-12T13:31:18 MSK" duration-ms="0" status="PASS">
          <reporter-output>
          </reporter-output>
        </test-method> <!-- tearDown -->
        <test-method signature="unitSinTest(double,double)[pri:0, instance:org.rntgroup.CalcUnitTest.SinTest@70b0b186]" started-at="2024-03-12T13:31:18 MSK" name="unitSinTest" description="Unit Sin Test" data-provider="valuesForSin" finished-at="2024-03-12T13:31:18 MSK" duration-ms="0" status="PASS">
          <params>
            <param index="0">
              <value>
                <![CDATA[45]]>
              </value>
            </param>
            <param index="1">
              <value>
                <![CDATA[0.7071067811865475]]>
              </value>
            </param>
          </params>
          <reporter-output>
          </reporter-output>
        </test-method> <!-- unitSinTest -->
        <test-method is-config="true" signature="SetUp()[pri:0, instance:org.rntgroup.CalcUnitTest.SinTest@70b0b186]" started-at="2024-03-12T13:31:18 MSK" name="SetUp" finished-at="2024-03-12T13:31:18 MSK" duration-ms="0" status="PASS">
          <reporter-output>
          </reporter-output>
        </test-method> <!-- SetUp -->
        <test-method is-config="true" signature="SetUp()[pri:0, instance:org.rntgroup.CalcUnitTest.SinTest@70b0b186]" started-at="2024-03-12T13:31:18 MSK" name="SetUp" finished-at="2024-03-12T13:31:18 MSK" duration-ms="0" status="PASS">
          <reporter-output>
          </reporter-output>
        </test-method> <!-- SetUp -->
        <test-method is-config="true" signature="tearDown()[pri:0, instance:org.rntgroup.CalcUnitTest.SinTest@70b0b186]" started-at="2024-03-12T13:31:18 MSK" name="tearDown" finished-at="2024-03-12T13:31:18 MSK" duration-ms="0" status="PASS">
          <reporter-output>
          </reporter-output>
        </test-method> <!-- tearDown -->
        <test-method signature="unitSinTest(double,double)[pri:0, instance:org.rntgroup.CalcUnitTest.SinTest@70b0b186]" started-at="2024-03-12T13:31:18 MSK" name="unitSinTest" description="Unit Sin Test" data-provider="valuesForSin" finished-at="2024-03-12T13:31:18 MSK" duration-ms="0" status="PASS">
          <params>
            <param index="0">
              <value>
                <![CDATA[60]]>
              </value>
            </param>
            <param index="1">
              <value>
                <![CDATA[0.8660254037844386]]>
              </value>
            </param>
          </params>
          <reporter-output>
          </reporter-output>
        </test-method> <!-- unitSinTest -->
        <test-method is-config="true" signature="tearDown()[pri:0, instance:org.rntgroup.CalcUnitTest.SinTest@70b0b186]" started-at="2024-03-12T13:31:18 MSK" name="tearDown" finished-at="2024-03-12T13:31:18 MSK" duration-ms="0" status="PASS">
          <reporter-output>
          </reporter-output>
        </test-method> <!-- tearDown -->
        <test-method signature="unitSinTest(double,double)[pri:0, instance:org.rntgroup.CalcUnitTest.SinTest@70b0b186]" started-at="2024-03-12T13:31:18 MSK" name="unitSinTest" description="Unit Sin Test" data-provider="valuesForSin" finished-at="2024-03-12T13:31:18 MSK" duration-ms="0" status="PASS">
          <params>
            <param index="0">
              <value>
                <![CDATA[90]]>
              </value>
            </param>
            <param index="1">
              <value>
                <![CDATA[1]]>
              </value>
            </param>
          </params>
          <reporter-output>
          </reporter-output>
        </test-method> <!-- unitSinTest -->
        <test-method is-config="true" signature="tearDown()[pri:0, instance:org.rntgroup.CalcUnitTest.SinTest@70b0b186]" started-at="2024-03-12T13:31:18 MSK" name="tearDown" finished-at="2024-03-12T13:31:18 MSK" duration-ms="1" status="PASS">
          <reporter-output>
          </reporter-output>
        </test-method> <!-- tearDown -->
        <test-method is-config="true" signature="SetUp()[pri:0, instance:org.rntgroup.CalcUnitTest.SinTest@70b0b186]" started-at="2024-03-12T13:31:18 MSK" name="SetUp" finished-at="2024-03-12T13:31:18 MSK" duration-ms="0" status="PASS">
          <reporter-output>
          </reporter-output>
        </test-method> <!-- SetUp -->
        <test-method is-config="true" signature="SetUp()[pri:0, instance:org.rntgroup.CalcUnitTest.SinTest@70b0b186]" started-at="2024-03-12T13:31:18 MSK" name="SetUp" finished-at="2024-03-12T13:31:18 MSK" duration-ms="1" status="PASS">
          <reporter-output>
          </reporter-output>
        </test-method> <!-- SetUp -->
        <test-method signature="unitSinTest(double,double)[pri:0, instance:org.rntgroup.CalcUnitTest.SinTest@70b0b186]" started-at="2024-03-12T13:31:18 MSK" name="unitSinTest" description="Unit Sin Test" data-provider="valuesForSin" finished-at="2024-03-12T13:31:18 MSK" duration-ms="0" status="FAIL">
          <params>
            <param index="0">
              <value>
                <![CDATA[180]]>
              </value>
            </param>
            <param index="1">
              <value>
                <![CDATA[0]]>
              </value>
            </param>
          </params>
          <exception class="java.lang.AssertionError">
            <message>
              <![CDATA[Result is not correct! expected [0.0] but found [1.2246467991473532E-16]]]>
            </message>
            <full-stacktrace>
              <![CDATA[java.lang.AssertionError: Result is not correct! expected [0.0] but found [1.2246467991473532E-16]
at org.testng.Assert.fail(Assert.java:111)
at org.testng.Assert.failNotEquals(Assert.java:1578)
at org.testng.Assert.assertEquals(Assert.java:728)
at org.rntgroup.CalcUnitTest.SinTest.unitSinTest(SinTest.java:31)
at java.base/jdk.internal.reflect.NativeMethodAccessorImpl.invoke0(Native Method)
at java.base/jdk.internal.reflect.NativeMethodAccessorImpl.invoke(NativeMethodAccessorImpl.java:77)
at java.base/jdk.internal.reflect.DelegatingMethodAccessorImpl.invoke(DelegatingMethodAccessorImpl.java:43)
at java.base/java.lang.reflect.Method.invoke(Method.java:568)
at org.testng.internal.invokers.MethodInvocationHelper.invokeMethod(MethodInvocationHelper.java:139)
at org.testng.internal.invokers.TestInvoker.invokeMethod(TestInvoker.java:664)
at org.testng.internal.invokers.TestInvoker.invokeTestMethod(TestInvoker.java:228)
at org.testng.internal.invokers.MethodRunner.runInSequence(MethodRunner.java:63)
at org.testng.internal.invokers.TestInvoker$MethodInvocationAgent.invoke(TestInvoker.java:961)
at org.testng.internal.invokers.TestInvoker.invokeTestMethods(TestInvoker.java:201)
at org.testng.internal.invokers.TestMethodWorker.invokeTestMethods(TestMethodWorker.java:148)
at org.testng.internal.invokers.TestMethodWorker.run(TestMethodWorker.java:128)
at java.base/java.util.concurrent.Executors$RunnableAdapter.call(Executors.java:539)
at java.base/java.util.concurrent.FutureTask.run(FutureTask.java:264)
at org.testng.internal.thread.graph.TestNGFutureTask.run(TestNGFutureTask.java:22)
at java.base/java.util.concurrent.ThreadPoolExecutor.runWorker(ThreadPoolExecutor.java:1136)
at java.base/java.util.concurrent.ThreadPoolExecutor$Worker.run(ThreadPoolExecutor.java:635)
at java.base/java.lang.Thread.run(Thread.java:840)
]]>
            </full-stacktrace>
          </exception> <!-- java.lang.AssertionError -->
          <reporter-output>
          </reporter-output>
        </test-method> <!-- unitSinTest -->
        <test-method is-config="true" signature="tearDown()[pri:0, instance:org.rntgroup.CalcUnitTest.SinTest@70b0b186]" started-at="2024-03-12T13:31:18 MSK" name="tearDown" finished-at="2024-03-12T13:31:18 MSK" duration-ms="0" status="PASS">
          <reporter-output>
          </reporter-output>
        </test-method> <!-- tearDown -->
        <test-method signature="unitSinTest(double,double)[pri:0, instance:org.rntgroup.CalcUnitTest.SinTest@70b0b186]" started-at="2024-03-12T13:31:18 MSK" name="unitSinTest" description="Unit Sin Test" data-provider="valuesForSin" finished-at="2024-03-12T13:31:18 MSK" duration-ms="0" status="PASS">
          <params>
            <param index="0">
              <value>
                <![CDATA[270]]>
              </value>
            </param>
            <param index="1">
              <value>
                <![CDATA[-1]]>
              </value>
            </param>
          </params>
          <reporter-output>
          </reporter-output>
        </test-method> <!-- unitSinTest -->
        <test-method is-config="true" signature="SetUp()[pri:0, instance:org.rntgroup.CalcUnitTest.SinTest@70b0b186]" started-at="2024-03-12T13:31:18 MSK" name="SetUp" finished-at="2024-03-12T13:31:18 MSK" duration-ms="0" status="PASS">
          <reporter-output>
          </reporter-output>
        </test-method> <!-- SetUp -->
        <test-method is-config="true" signature="tearDown()[pri:0, instance:org.rntgroup.CalcUnitTest.SinTest@70b0b186]" started-at="2024-03-12T13:31:18 MSK" name="tearDown" finished-at="2024-03-12T13:31:18 MSK" duration-ms="1" status="PASS">
          <reporter-output>
          </reporter-output>
        </test-method> <!-- tearDown -->
        <test-method signature="unitSinTest(double,double)[pri:0, instance:org.rntgroup.CalcUnitTest.SinTest@70b0b186]" started-at="2024-03-12T13:31:18 MSK" name="unitSinTest" description="Unit Sin Test" data-provider="valuesForSin" finished-at="2024-03-12T13:31:18 MSK" duration-ms="0" status="FAIL">
          <params>
            <param index="0">
              <value>
                <![CDATA[360]]>
              </value>
            </param>
            <param index="1">
              <value>
                <![CDATA[0]]>
              </value>
            </param>
          </params>
          <exception class="java.lang.AssertionError">
            <message>
              <![CDATA[Result is not correct! expected [0.0] but found [-2.4492935982947064E-16]]]>
            </message>
            <full-stacktrace>
              <![CDATA[java.lang.AssertionError: Result is not correct! expected [0.0] but found [-2.4492935982947064E-16]
at org.testng.Assert.fail(Assert.java:111)
at org.testng.Assert.failNotEquals(Assert.java:1578)
at org.testng.Assert.assertEquals(Assert.java:728)
at org.rntgroup.CalcUnitTest.SinTest.unitSinTest(SinTest.java:31)
at java.base/jdk.internal.reflect.NativeMethodAccessorImpl.invoke0(Native Method)
at java.base/jdk.internal.reflect.NativeMethodAccessorImpl.invoke(NativeMethodAccessorImpl.java:77)
at java.base/jdk.internal.reflect.DelegatingMethodAccessorImpl.invoke(DelegatingMethodAccessorImpl.java:43)
at java.base/java.lang.reflect.Method.invoke(Method.java:568)
at org.testng.internal.invokers.MethodInvocationHelper.invokeMethod(MethodInvocationHelper.java:139)
at org.testng.internal.invokers.TestInvoker.invokeMethod(TestInvoker.java:664)
at org.testng.internal.invokers.TestInvoker.invokeTestMethod(TestInvoker.java:228)
at org.testng.internal.invokers.MethodRunner.runInSequence(MethodRunner.java:63)
at org.testng.internal.invokers.TestInvoker$MethodInvocationAgent.invoke(TestInvoker.java:961)
[...]
            <param index="0">
              <value>
                <![CDATA[3]]>
              </value>
            </param>
            <param index="1">
              <value>
                <![CDATA[0]]>
              </value>
            </param>
            <param index="2">
              <value>
                <![CDATA[1]]>
              </value>
            </param>
          </params>
          <reporter-output>
          </reporter-output>
        </test-method> <!-- unitPowTest -->
        <test-method is-config="true" signature="tearDown()[pri:0, instance:org.rntgroup.CalcUnitTest.PowTest@516be40f]" started-at="2024-03-12T13:31:18 MSK" name="tearDown" finished-at="2024-03-12T13:31:18 MSK" duration-ms="0" status="PASS">
          <reporter-output>
          </reporter-output>
        </test-method> <!-- tearDown -->
        <test-method is-config="true" signature="SetUp()[pri:0, instance:org.rntgroup.CalcUnitTest.PowTest@516be40f]" started-at="2024-03-12T13:31:18 MSK" name="SetUp" finished-at="2024-03-12T13:31:18 MSK" duration-ms="1" status="PASS">
          <reporter-output>
          </reporter-output>
        </test-method> <!-- SetUp -->
        <test-method is-config="true" signature="SetUp()[pri:0, instance:org.rntgroup.CalcUnitTest.PowTest@516be40f]" started-at="2024-03-12T13:31:18 MSK" name="SetUp" finished-at="2024-03-12T13:31:18 MSK" duration-ms="0" status="PASS">
          <reporter-output>
          </reporter-output>
        </test-method> <!-- SetUp -->
        <test-method signature="unitPowTest(double,double,double)[pri:0, instance:org.rntgroup.CalcUnitTest.PowTest@516be40f]" started-at="2024-03-12T13:31:18 MSK" name="unitPowTest" description="Unit Pow Test" data-provider="valuesForPow" finished-at="2024-03-12T13:31:18 MSK" duration-ms="0" status="PASS">
          <params>
            <param index="0">
              <value>
                <![CDATA[1]]>
              </value>
            </param>
            <param index="1">
              <value>
                <![CDATA[3.2]]>
              </value>
            </param>
            <param index="2">
              <value>
                <![CDATA[1]]>
              </value>
            </param>
          </params>
          <reporter-output>
          </reporter-output>
        </test-method> <!-- unitPowTest -->
        <test-method is-config="true" signature="SetUp()[pri:0, instance:org.rntgroup.CalcUnitTest.PowTest@516be40f]" started-at="2024-03-12T13:31:18 MSK" name="SetUp" finished-at="2024-03-12T13:31:18 MSK" duration-ms="1" status="PASS">
          <reporter-output>
          </reporter-output>
        </test-method> <!-- SetUp -->
        <test-method is-config="true" signature="tearDown()[pri:0, instance:org.rntgroup.CalcUnitTest.PowTest@516be40f]" started-at="2024-03-12T13:31:18 MSK" name="tearDown" finished-at="2024-03-12T13:31:18 MSK" duration-ms="0" status="PASS">
          <reporter-output>
          </reporter-output>
        </test-method> <!-- tearDown -->
        <test-method signature="unitPowTest(double,double,double)[pri:0, instance:org.rntgroup.CalcUnitTest.PowTest@516be40f]" started-at="2024-03-12T13:31:18 MSK" name="unitPowTest" description="Unit Pow Test" data-provider="valuesForPow" finished-at="2024-03-12T13:31:18 MSK" duration-ms="0" status="PASS">
          <params>
            <param index="0">
              <value>
                <![CDATA[5]]>
              </value>
            </param>
            <param index="1">
              <value>
                <![CDATA[1]]>
              </value>
            </param>
            <param index="2">
              <value>
                <![CDATA[5]]>
              </value>
            </param>
          </params>
          <reporter-output>
          </reporter-output>
        </test-method> <!-- unitPowTest -->
        <test-method is-config="true" signature="tearDown()[pri:0, instance:org.rntgroup.CalcUnitTest.PowTest@516be40f]" started-at="2024-03-12T13:31:18 MSK" name="tearDown" finished-at="2024-03-12T13:31:18 MSK" duration-ms="0" status="PASS">
          <reporter-output>
          </reporter-output>
        </test-method> <!-- tearDown -->
        <test-method signature="unitPowTest(double,double,double)[pri:0, instance:org.rntgroup.CalcUnitTest.PowTest@516be40f]" started-at="2024-03-12T13:31:18 MSK" name="unitPowTest" description="Unit Pow Test" data-provider="valuesForPow" finished-at="2024-03-12T13:31:18 MSK" duration-ms="0" status="PASS">
          <params>
            <param index="0">
              <value>
                <![CDATA[0.8]]>
              </value>
            </param>
            <param index="1">
              <value>
                <![CDATA[-1]]>
              </value>
            </param>
            <param index="2">
              <value>
                <![CDATA[1.25]]>
              </value>
            </param>
          </params>
          <reporter-output>
          </reporter-output>
        </test-method> <!-- unitPowTest -->
        <test-method signature="unitPowTest(double,double,double)[pri:0, instance:org.rntgroup.CalcUnitTest.PowTest@516be40f]" started-at="2024-03-12T13:31:18 MSK" name="unitPowTest" description="Unit Pow Test" data-provider="valuesForPow" finished-at="2024-03-12T13:31:18 MSK" duration-ms="0" status="PASS">
          <params>
            <param index="0">
              <value>
                <![CDATA[2]]>
              </value>
            </param>
            <param index="1">
              <value>
                <![CDATA[8]]>
              </value>
            </param>
            <param index="2">
              <value>
                <![CDATA[256]]>
              </value>
            </param>
          </params>
          <reporter-output>
          </reporter-output>
        </test-method> <!-- unitPowTest -->
        <test-method is-config="true" signature="SetUp()[pri:0, instance:org.rntgroup.CalcUnitTest.PowTest@516be40f]" started-at="2024-03-12T13:31:18 MSK" name="SetUp" finished-at="2024-03-12T13:31:18 MSK" duration-ms="0" status="PASS">
          <reporter-output>
          </reporter-output>
        </test-method> <!-- SetUp -->
        <test-method is-config="true" signature="tearDown()[pri:0, instance:org.rntgroup.CalcUnitTest.PowTest@516be40f]" started-at="2024-03-12T13:31:18 MSK" name="tearDown" finished-at="2024-03-12T13:31:18 MSK" duration-ms="0" status="PASS">
          <reporter-output>
          </reporter-output>
        </test-method> <!-- tearDown -->
        <test-method is-config="true" signature="SetUp()[pri:0, instance:org.rntgroup.CalcUnitTest.PowTest@516be40f]" started-at="2024-03-12T13:31:18 MSK" name="SetUp" finished-at="2024-03-12T13:31:18 MSK" duration-ms="0" status="PASS">
          <reporter-output>
          </reporter-output>
        </test-method> <!-- SetUp -->
        <test-method signature="unitPowTest(double,double,double)[pri:0, instance:org.rntgroup.CalcUnitTest.PowTest@516be40f]" started-at="2024-03-12T13:31:18 MSK" name="unitPowTest" description="Unit Pow Test" data-provider="valuesForPow" finished-at="2024-03-12T13:31:18 MSK" duration-ms="0" status="PASS">
          <params>
            <param index="0">
              <value>
                <![CDATA[1.5]]>
              </value>
            </param>
            <param index="1">
              <value>
                <![CDATA[5.1]]>
              </value>
            </param>
            <param index="2">
              <value>
                <![CDATA[7.59375]]>
              </value>
            </param>
          </params>
          <reporter-output>
          </reporter-output>
        </test-method> <!-- unitPowTest -->
        <test-method is-config="true" signature="SetUp()[pri:0, instance:org.rntgroup.CalcUnitTest.PowTest@516be40f]" started-at="2024-03-12T13:31:18 MSK" name="SetUp" finished-at="2024-03-12T13:31:18 MSK" duration-ms="0" status="PASS">
          <reporter-output>
          </reporter-output>
        </test-method> <!-- SetUp -->
        <test-method is-config="true" signature="tearDown()[pri:0, instance:org.rntgroup.CalcUnitTest.PowTest@516be40f]" started-at="2024-03-12T13:31:18 MSK" name="tearDown" finished-at="2024-03-12T13:31:18 MSK" duration-ms="1" status="PASS">
          <reporter-output>
          </reporter-output>
        </test-method> <!-- tearDown -->
        <test-method is-config="true" signature="tearDown()[pri:0, instance:org.rntgroup.CalcUnitTest.PowTest@516be40f]" started-at="2024-03-12T13:31:18 MSK" name="tearDown" finished-at="2024-03-12T13:31:18 MSK" duration-ms="0" status="PASS">
          <reporter-output>
          </reporter-output>
        </test-method> <!-- tearDown -->
        <test-method signature="unitPowTest(double,double,double)[pri:0, instance:org.rntgroup.CalcUnitTest.PowTest@516be40f]" started-at="2024-03-12T13:31:18 MSK" name="unitPowTest" description="Unit Pow Test" data-provider="valuesForPow" finished-at="2024-03-12T13:31:18 MSK" duration-ms="0" status="PASS">
          <params>
            <param index="0">
              <value>
                <![CDATA[2]]>
              </value>
            </param>
            <param index="1">
              <value>
                <![CDATA[-2]]>
              </value>
            </param>
            <param index="2">
              <value>
                <![CDATA[0.25]]>
              </value>
            </param>
          </params>
          <reporter-output>
          </reporter-output>
        </test-method> <!-- unitPowTest -->
        <test-method is-config="true" signature="tearDown()[pri:0, instance:org.rntgroup.CalcUnitTest.PowTest@516be40f]" started-at="2024-03-12T13:31:18 MSK" name="tearDown" finished-at="2024-03-12T13:31:18 MSK" duration-ms="0" status="PASS">
          <reporter-output>
          </reporter-output>
        </test-method> <!-- tearDown -->
        <test-method is-config="true" signature="SetUp()[pri:0, instance:org.rntgroup.CalcUnitTest.PowTest@516be40f]" started-at="2024-03-12T13:31:18 MSK" name="SetUp" finished-at="2024-03-12T13:31:18 MSK" duration-ms="0" status="PASS">
          <reporter-output>
          </reporter-output>
        </test-method> <!-- SetUp -->
      </class> <!-- org.rntgroup.CalcUnitTest.PowTest -->
    </test> <!-- Power Function Unit Test -->
  </suite> <!-- Power Function Suite -->
  <suite started-at="2024-03-12T13:31:18 MSK" name="Default Suite" finished-at="2024-03-12T13:31:18 MSK" duration-ms="0">
    <groups>
    </groups>
  </suite> <!-- Default Suite -->
  <suite started-at="2024-03-12T13:31:18 MSK" name="Sing Definition Function Suite" finished-at="2024-03-12T13:31:18 MSK" duration-ms="8">
    <groups>
    </groups>
    <test started-at="2024-03-12T13:31:18 MSK" name="Sing Definition Function Unit Test" finished-at="2024-03-12T13:31:18 MSK" duration-ms="8">
      <class name="org.rntgroup.CalcUnitTest.IsPositiveSignTest">
        <test-method signature="unitIsPositiveSignTest(long,boolean)[pri:0, instance:org.rntgroup.CalcUnitTest.IsPositiveSignTest@69b794e2]" started-at="2024-03-12T13:31:18 MSK" name="unitIsPositiveSignTest" description="Unit IsPositiveSign Test" data-provider="valuesForIsPositiveSign" finished-at="2024-03-12T13:31:18 MSK" duration-ms="0" status="PASS">
          <params>
            <param index="0">
              <value>
                <![CDATA[0]]>
              </value>
            </param>
            <param index="1">
              <value>
                <![CDATA[false]]>
              </value>
            </param>
          </params>
          <reporter-output>
          </reporter-output>
        </test-method> <!-- unitIsPositiveSignTest -->
        <test-method is-config="true" signature="SetUp()[pri:0, instance:org.rntgroup.CalcUnitTest.IsPositiveSignTest@69b794e2]" started-at="2024-03-12T13:31:18 MSK" name="SetUp" finished-at="2024-03-12T13:31:18 MSK" duration-ms="0" status="PASS">
          <reporter-output>
          </reporter-output>
        </test-method> <!-- SetUp -->
        <test-method is-config="true" signature="tearDown()[pri:0, instance:org.rntgroup.CalcUnitTest.IsPositiveSignTest@69b794e2]" started-at="2024-03-12T13:31:18 MSK" name="tearDown" finished-at="2024-03-12T13:31:18 MSK" duration-ms="0" status="PASS">
          <reporter-output>
          </reporter-output>
        </test-method> <!-- tearDown -->
        <test-method signature="unitIsPositiveSignTest(long,boolean)[pri:0, instance:org.rntgroup.CalcUnitTest.IsPositiveSignTest@69b794e2]" started-at="2024-03-12T13:31:18 MSK" name="unitIsPositiveSignTest" description="Unit IsPositiveSign Test" data-provider="valuesForIsPositiveSign" finished-at="2024-03-12T13:31:18 MSK" duration-ms="0" status="PASS">
          <params>
            <param index="0">
              <value>
                <![CDATA[1000]]>
              </value>
            </param>
            <param index="1">
              <value>
                <![CDATA[true]]>
              </value>
            </param>
          </params>
          <reporter-output>
          </reporter-output>
        </test-method> <!-- unitIsPositiveSignTest -->
        <test-method is-config="true" signature="SetUp()[pri:0, instance:org.rntgroup.CalcUnitTest.IsPositiveSignTest@69b794e2]" started-at="2024-03-12T13:31:18 MSK" name="SetUp" finished-at="2024-03-12T13:31:18 MSK" duration-ms="0" status="PASS">
          <reporter-output>
          </reporter-output>
        </test-method> <!-- SetUp -->
        <test-method is-config="true" signature="tearDown()[pri:0, instance:org.rntgroup.CalcUnitTest.IsPositiveSignTest@69b794e2]" started-at="2024-03-12T13:31:18 MSK" name="tearDown" finished-at="2024-03-12T13:31:18 MSK" duration-ms="0" status="PASS">
          <reporter-output>
          </reporter-output>
        </test-method> <!-- tearDown -->
        <test-method signature="unitIsPositiveSignTest(long,boolean)[pri:0, instance:org.rntgroup.CalcUnitTest.IsPositiveSignTest@69b794e2]" started-at="2024-03-12T13:31:18 MSK" name="unitIsPositiveSignTest" description="Unit IsPositiveSign Test" data-provider="valuesForIsPositiveSign" finished-at="2024-03-12T13:31:18 MSK" duration-ms="0" status="PASS">
          <params>
            <param index="0">
              <value>
                <![CDATA[-3]]>
              </value>
            </param>
            <param index="1">
              <value>
                <![CDATA[false]]>
              </value>
            </param>
          </params>
          <reporter-output>
          </reporter-output>
        </test-method> <!-- unitIsPositiveSignTest -->
        <test-method is-config="true" signature="SetUp()[pri:0, instance:org.rntgroup.CalcUnitTest.IsPositiveSignTest@69b794e2]" started-at="2024-03-12T13:31:18 MSK" name="SetUp" finished-at="2024-03-12T13:31:18 MSK" duration-ms="0" status="PASS">
          <reporter-output>
          </reporter-output>
        </test-method> <!-- SetUp -->
        <test-method is-config="true" signature="tearDown()[pri:0, instance:org.rntgroup.CalcUnitTest.IsPositiveSignTest@69b794e2]" started-at="2024-03-12T13:31:18 MSK" name="tearDown" finished-at="2024-03-12T13:31:18 MSK" duration-ms="0" status="PASS">
          <reporter-output>
          </reporter-output>
        </test-method> <!-- tearDown -->
      </class> <!-- org.rntgroup.CalcUnitTest.IsPositiveSignTest -->
      <class name="org.rntgroup.CalcUnitTest.IsNegativeSignTest">
        <test-method signature="unitIsNegativeSignTest(long,boolean)[pri:0, instance:org.rntgroup.CalcUnitTest.IsNegativeSignTest@3f200884]" started-at="2024-03-12T13:31:18 MSK" name="unitIsNegativeSignTest" description="Unit Is NegativeSign Test" data-provider="valuesForIsNegativeSign" finished-at="2024-03-12T13:31:18 MSK" duration-ms="0" status="PASS">
          <params>
            <param index="0">
              <value>
                <![CDATA[0]]>
              </value>
            </param>
            <param index="1">
              <value>
                <![CDATA[false]]>
              </value>
            </param>
          </params>
          <reporter-output>
          </reporter-output>
        </test-method> <!-- unitIsNegativeSignTest -->
        <test-method is-config="true" signature="SetUp()[pri:0, instance:org.rntgroup.CalcUnitTest.IsNegativeSignTest@3f200884]" started-at="2024-03-12T13:31:18 MSK" name="SetUp" finished-at="2024-03-12T13:31:18 MSK" duration-ms="0" status="PASS">
          <reporter-output>
          </reporter-output>
        </test-method> <!-- SetUp -->
        <test-method is-config="true" signature="tearDown()[pri:0, instance:org.rntgroup.CalcUnitTest.IsNegativeSignTest@3f200884]" started-at="2024-03-12T13:31:18 MSK" name="tearDown" finished-at="2024-03-12T13:31:18 MSK" duration-ms="0" status="PASS">
          <reporter-output>
          </reporter-output>
        </test-method> <!-- tearDown -->
        <test-method signature="unitIsNegativeSignTest(long,boolean)[pri:0, instance:org.rntgroup.CalcUnitTest.IsNegativeSignTest@3f200884]" started-at="2024-03-12T13:31:18 MSK" name="unitIsNegativeSignTest" description="Unit Is NegativeSign Test" data-provider="valuesForIsNegativeSign" finished-at="2024-03-12T13:31:18 MSK" duration-ms="0" status="PASS">
          <params>
            <param index="0">
              <value>
                <![CDATA[1000]]>
              </value>
            </param>
            <param index="1">
              <value>
                <![CDATA[false]]>
              </value>
            </param>
          </params>
          <reporter-output>
          </reporter-output>
        </test-method> <!-- unitIsNegativeSignTest -->
        <test-method is-config="true" signature="SetUp()[pri:0, instance:org.rntgroup.CalcUnitTest.IsNegativeSignTest@3f200884]" started-at="2024-03-12T13:31:18 MSK" name="SetUp" finished-at="2024-03-12T13:31:18 MSK" duration-ms="1" status="PASS">
          <reporter-output>
          </reporter-output>
        </test-method> <!-- SetUp -->
        <test-method is-config="true" signature="tearDown()[pri:0, instance:org.rntgroup.CalcUnitTest.IsNegativeSignTest@3f200884]" started-at="2024-03-12T13:31:18 MSK" name="tearDown" finished-at="2024-03-12T13:31:18 MSK" duration-ms="0" status="PASS">
          <reporter-output>
          </reporter-output>
        </test-method> <!-- tearDown -->
        <test-method is-config="true" signature="SetUp()[pri:0, instance:org.rntgroup.CalcUnitTest.IsNegativeSignTest@3f200884]" started-at="2024-03-12T13:31:18 MSK" name="SetUp" finished-at="2024-03-12T13:31:18 MSK" duration-ms="0" status="PASS">
          <reporter-output>
          </reporter-output>
        </test-method> <!-- SetUp -->
        <test-method signature="unitIsNegativeSignTest(long,boolean)[pri:0, instance:org.rntgroup.CalcUnitTest.IsNegativeSignTest@3f200884]" started-at="2024-03-12T13:31:18 MSK" name="unitIsNegativeSignTest" description="Unit Is NegativeSign Test" data-provider="valuesForIsNegativeSign" finished-at="2024-03-12T13:31:18 MSK" duration-ms="0" status="PASS">
          <params>
            <param index="0">
              <value>
                <![CDATA[-3]]>
              </value>
            </param>
            <param index="1">
              <value>
                <![CDATA[true]]>
              </value>
            </param>
          </params>
          <reporter-output>
          </reporter-output>
        </test-method> <!-- unitIsNegativeSignTest -->
        <test-method is-config="true" signature="tearDown()[pri:0, instance:org.rntgroup.CalcUnitTest.IsNegativeSignTest@3f200884]" started-at="2024-03-12T13:31:18 MSK" name="tearDown" finished-at="2024-03-12T13:31:18 MSK" duration-ms="0" status="PASS">
          <reporter-output>
          </reporter-output>
        </test-method> <!-- tearDown -->
      </class> <!-- org.rntgroup.CalcUnitTest.IsNegativeSignTest -->
    </test> <!-- Sing Definition Function Unit Test -->
  </suite> <!-- Sing Definition Function Suite -->
</testng-results>
