<?xml version="1.0" encoding="UTF-8"?>
<!-- Generated by org.testng.reporters.JUnitXMLReporter -->
<testsuite ignored="0" hostname="DESKTOP-HB25A9N" failures="0" tests="6" name="Sing Definition Function Unit Test" time="0.006" errors="0" timestamp="2024-02-29T13:20:20 MSK">
  <testcase classname="org.rntgroup.CalcUnitTests.IsNegativeSignTest" name="unitIsNegativeSignTest" time="0.0"/>
  <testcase classname="org.rntgroup.CalcUnitTests.IsPositiveSignTest" name="unitIsPositiveSignTest" time="0.0"/>
  <testcase classname="org.rntgroup.CalcUnitTests.IsNegativeSignTest" name="unitIsNegativeSignTest" time="0.0"/>
  <testcase classname="org.rntgroup.CalcUnitTests.IsPositiveSignTest" name="unitIsPositiveSignTest" time="0.0"/>
  <testcase classname="org.rntgroup.CalcUnitTests.IsPositiveSignTest" name="unitIsPositiveSignTest" time="0.0"/>
  <testcase classname="org.rntgroup.CalcUnitTests.IsNegativeSignTest" name="unitIsNegativeSignTest" time="0.0"/>
</testsuite> <!-- Sing Definition Function Unit Test -->
